
===========================================================================
report_checks -path_delay max (Setup)
============================================================================
======================= Typical Corner ===================================

Startpoint: in[3] (input port clocked by __VIRTUAL_CLK__)
Endpoint: out[6] (output port clocked by __VIRTUAL_CLK__)
Path Group: __VIRTUAL_CLK__
Path Type: max

Fanout     Cap    Slew   Delay    Time   Description
-----------------------------------------------------------------------------
                  0.00    0.00    0.00   clock __VIRTUAL_CLK__ (rise edge)
                          0.00    0.00   clock network delay (ideal)
                          2.00    2.00 v input external delay
     1    0.00    0.01    0.01    2.01 v in[3] (in)
                                         in[3] (net)
                  0.01    0.00    2.01 v input4/A (sky130_fd_sc_hd__clkbuf_1)
     2    0.01    0.05    0.10    2.10 v input4/X (sky130_fd_sc_hd__clkbuf_1)
                                         net4 (net)
                  0.05    0.00    2.10 v _09_/A (sky130_fd_sc_hd__or4_2)
     5    0.01    0.13    0.73    2.83 v _09_/X (sky130_fd_sc_hd__or4_2)
                                         _00_ (net)
                  0.13    0.00    2.83 v _15_/D (sky130_fd_sc_hd__or4_1)
     2    0.01    0.11    0.48    3.32 v _15_/X (sky130_fd_sc_hd__or4_1)
                                         _04_ (net)
                  0.11    0.00    3.32 v _16_/B (sky130_fd_sc_hd__and2b_1)
     1    0.00    0.03    0.19    3.50 v _16_/X (sky130_fd_sc_hd__and2b_1)
                                         _05_ (net)
                  0.03    0.00    3.50 v _17_/A (sky130_fd_sc_hd__clkbuf_1)
     1    0.00    0.02    0.08    3.58 v _17_/X (sky130_fd_sc_hd__clkbuf_1)
                                         net15 (net)
                  0.02    0.00    3.58 v output15/A (sky130_fd_sc_hd__buf_2)
     1    0.03    0.09    0.18    3.76 v output15/X (sky130_fd_sc_hd__buf_2)
                                         out[6] (net)
                  0.09    0.00    3.76 v out[6] (out)
                                  3.76   data arrival time

                  0.00   10.00   10.00   clock __VIRTUAL_CLK__ (rise edge)
                          0.00   10.00   clock network delay (ideal)
                         -0.25    9.75   clock uncertainty
                          0.00    9.75   clock reconvergence pessimism
                         -2.00    7.75   output external delay
                                  7.75   data required time
-----------------------------------------------------------------------------
                                  7.75   data required time
                                 -3.76   data arrival time
-----------------------------------------------------------------------------
                                  3.99   slack (MET)


Startpoint: in[3] (input port clocked by __VIRTUAL_CLK__)
Endpoint: out[7] (output port clocked by __VIRTUAL_CLK__)
Path Group: __VIRTUAL_CLK__
Path Type: max

Fanout     Cap    Slew   Delay    Time   Description
-----------------------------------------------------------------------------
                  0.00    0.00    0.00   clock __VIRTUAL_CLK__ (rise edge)
                          0.00    0.00   clock network delay (ideal)
                          2.00    2.00 v input external delay
     1    0.00    0.01    0.01    2.01 v in[3] (in)
                                         in[3] (net)
                  0.01    0.00    2.01 v input4/A (sky130_fd_sc_hd__clkbuf_1)
     2    0.01    0.05    0.10    2.10 v input4/X (sky130_fd_sc_hd__clkbuf_1)
                                         net4 (net)
                  0.05    0.00    2.10 v _09_/A (sky130_fd_sc_hd__or4_2)
     5    0.01    0.13    0.73    2.83 v _09_/X (sky130_fd_sc_hd__or4_2)
                                         _00_ (net)
                  0.13    0.00    2.83 v _15_/D (sky130_fd_sc_hd__or4_1)
     2    0.01    0.11    0.48    3.32 v _15_/X (sky130_fd_sc_hd__or4_1)
                                         _04_ (net)
                  0.11    0.00    3.32 v _18_/B (sky130_fd_sc_hd__xor2_1)
     1    0.00    0.13    0.17    3.49 ^ _18_/X (sky130_fd_sc_hd__xor2_1)
                                         net16 (net)
                  0.13    0.00    3.49 ^ output16/A (sky130_fd_sc_hd__clkbuf_4)
     1    0.04    0.12    0.23    3.72 ^ output16/X (sky130_fd_sc_hd__clkbuf_4)
                                         out[7] (net)
                  0.12    0.00    3.72 ^ out[7] (out)
                                  3.72   data arrival time

                  0.00   10.00   10.00   clock __VIRTUAL_CLK__ (rise edge)
                          0.00   10.00   clock network delay (ideal)
                         -0.25    9.75   clock uncertainty
                          0.00    9.75   clock reconvergence pessimism
                         -2.00    7.75   output external delay
                                  7.75   data required time
-----------------------------------------------------------------------------
                                  7.75   data required time
                                 -3.72   data arrival time
-----------------------------------------------------------------------------
                                  4.03   slack (MET)


Startpoint: in[3] (input port clocked by __VIRTUAL_CLK__)
Endpoint: out[5] (output port clocked by __VIRTUAL_CLK__)
Path Group: __VIRTUAL_CLK__
Path Type: max

Fanout     Cap    Slew   Delay    Time   Description
-----------------------------------------------------------------------------
                  0.00    0.00    0.00   clock __VIRTUAL_CLK__ (rise edge)
                          0.00    0.00   clock network delay (ideal)
                          2.00    2.00 v input external delay
     1    0.00    0.01    0.01    2.01 v in[3] (in)
                                         in[3] (net)
                  0.01    0.00    2.01 v input4/A (sky130_fd_sc_hd__clkbuf_1)
     2    0.01    0.05    0.10    2.10 v input4/X (sky130_fd_sc_hd__clkbuf_1)
                                         net4 (net)
                  0.05    0.00    2.10 v _09_/A (sky130_fd_sc_hd__or4_2)
     5    0.01    0.13    0.73    2.83 v _09_/X (sky130_fd_sc_hd__or4_2)
                                         _00_ (net)
                  0.13    0.00    2.83 v _10_/B (sky130_fd_sc_hd__nor2_1)
     2    0.01    0.15    0.17    3.01 ^ _10_/Y (sky130_fd_sc_hd__nor2_1)
                                         _01_ (net)
                  0.15    0.00    3.01 ^ _13_/B (sky130_fd_sc_hd__xnor2_1)
     1    0.00    0.13    0.14    3.15 ^ _13_/Y (sky130_fd_sc_hd__xnor2_1)
                                         net14 (net)
                  0.13    0.00    3.15 ^ output14/A (sky130_fd_sc_hd__buf_2)
     1    0.03    0.17    0.24    3.39 ^ output14/X (sky130_fd_sc_hd__buf_2)
                                         out[5] (net)
                  0.17    0.00    3.39 ^ out[5] (out)
                                  3.39   data arrival time

                  0.00   10.00   10.00   clock __VIRTUAL_CLK__ (rise edge)
                          0.00   10.00   clock network delay (ideal)
                         -0.25    9.75   clock uncertainty
                          0.00    9.75   clock reconvergence pessimism
                         -2.00    7.75   output external delay
                                  7.75   data required time
-----------------------------------------------------------------------------
                                  7.75   data required time
                                 -3.39   data arrival time
-----------------------------------------------------------------------------
                                  4.36   slack (MET)


Startpoint: in[3] (input port clocked by __VIRTUAL_CLK__)
Endpoint: out[4] (output port clocked by __VIRTUAL_CLK__)
Path Group: __VIRTUAL_CLK__
Path Type: max

Fanout     Cap    Slew   Delay    Time   Description
-----------------------------------------------------------------------------
                  0.00    0.00    0.00   clock __VIRTUAL_CLK__ (rise edge)
                          0.00    0.00   clock network delay (ideal)
                          2.00    2.00 v input external delay
     1    0.00    0.01    0.01    2.01 v in[3] (in)
                                         in[3] (net)
                  0.01    0.00    2.01 v input4/A (sky130_fd_sc_hd__clkbuf_1)
     2    0.01    0.05    0.10    2.10 v input4/X (sky130_fd_sc_hd__clkbuf_1)
                                         net4 (net)
                  0.05    0.00    2.10 v _09_/A (sky130_fd_sc_hd__or4_2)
     5    0.01    0.13    0.73    2.83 v _09_/X (sky130_fd_sc_hd__or4_2)
                                         _00_ (net)
                  0.13    0.00    2.83 v _11_/B (sky130_fd_sc_hd__and2_1)
     1    0.00    0.04    0.20    3.03 v _11_/X (sky130_fd_sc_hd__and2_1)
                                         _02_ (net)
                  0.04    0.00    3.03 v _12_/B (sky130_fd_sc_hd__nor2_1)
     1    0.00    0.10    0.10    3.14 ^ _12_/Y (sky130_fd_sc_hd__nor2_1)
                                         net13 (net)
                  0.10    0.00    3.14 ^ output13/A (sky130_fd_sc_hd__buf_2)
     1    0.03    0.17    0.23    3.36 ^ output13/X (sky130_fd_sc_hd__buf_2)
                                         out[4] (net)
                  0.17    0.00    3.37 ^ out[4] (out)
                                  3.37   data arrival time

                  0.00   10.00   10.00   clock __VIRTUAL_CLK__ (rise edge)
                          0.00   10.00   clock network delay (ideal)
                         -0.25    9.75   clock uncertainty
                          0.00    9.75   clock reconvergence pessimism
                         -2.00    7.75   output external delay
                                  7.75   data required time
-----------------------------------------------------------------------------
                                  7.75   data required time
                                 -3.37   data arrival time
-----------------------------------------------------------------------------
                                  4.38   slack (MET)


Startpoint: in[3] (input port clocked by __VIRTUAL_CLK__)
Endpoint: out[3] (output port clocked by __VIRTUAL_CLK__)
Path Group: __VIRTUAL_CLK__
Path Type: max

Fanout     Cap    Slew   Delay    Time   Description
-----------------------------------------------------------------------------
                  0.00    0.00    0.00   clock __VIRTUAL_CLK__ (rise edge)
                          0.00    0.00   clock network delay (ideal)
                          2.00    2.00 v input external delay
     1    0.00    0.01    0.01    2.01 v in[3] (in)
                                         in[3] (net)
                  0.01    0.00    2.01 v input4/A (sky130_fd_sc_hd__clkbuf_1)
     2    0.01    0.05    0.10    2.10 v input4/X (sky130_fd_sc_hd__clkbuf_1)
                                         net4 (net)
                  0.05    0.00    2.10 v _09_/A (sky130_fd_sc_hd__or4_2)
     5    0.01    0.13    0.73    2.83 v _09_/X (sky130_fd_sc_hd__or4_2)
                                         _00_ (net)
                  0.13    0.00    2.83 v _24_/B1_N (sky130_fd_sc_hd__a21boi_1)
     1    0.00    0.04    0.16    2.99 v _24_/Y (sky130_fd_sc_hd__a21boi_1)
                                         net12 (net)
                  0.04    0.00    2.99 v output12/A (sky130_fd_sc_hd__buf_2)
     1    0.03    0.09    0.19    3.18 v output12/X (sky130_fd_sc_hd__buf_2)
                                         out[3] (net)
                  0.09    0.00    3.18 v out[3] (out)
                                  3.18   data arrival time

                  0.00   10.00   10.00   clock __VIRTUAL_CLK__ (rise edge)
                          0.00   10.00   clock network delay (ideal)
                         -0.25    9.75   clock uncertainty
                          0.00    9.75   clock reconvergence pessimism
                         -2.00    7.75   output external delay
                                  7.75   data required time
-----------------------------------------------------------------------------
                                  7.75   data required time
                                 -3.18   data arrival time
-----------------------------------------------------------------------------
                                  4.57   slack (MET)


Startpoint: in[0] (input port clocked by __VIRTUAL_CLK__)
Endpoint: out[2] (output port clocked by __VIRTUAL_CLK__)
Path Group: __VIRTUAL_CLK__
Path Type: max

Fanout     Cap    Slew   Delay    Time   Description
-----------------------------------------------------------------------------
                  0.00    0.00    0.00   clock __VIRTUAL_CLK__ (rise edge)
                          0.00    0.00   clock network delay (ideal)
                          2.00    2.00 v input external delay
     1    0.00    0.01    0.00    2.00 v in[0] (in)
                                         in[0] (net)
                  0.01    0.00    2.00 v input1/A (sky130_fd_sc_hd__dlymetal6s2s_1)
     5    0.02    0.09    0.18    2.18 v input1/X (sky130_fd_sc_hd__dlymetal6s2s_1)
                                         net1 (net)
                  0.09    0.00    2.18 v _20_/C (sky130_fd_sc_hd__or3_1)
     2    0.00    0.08    0.35    2.53 v _20_/X (sky130_fd_sc_hd__or3_1)
                                         _06_ (net)
                  0.08    0.00    2.53 v _22_/A (sky130_fd_sc_hd__and2_1)
     1    0.00    0.03    0.15    2.68 v _22_/X (sky130_fd_sc_hd__and2_1)
                                         _08_ (net)
                  0.03    0.00    2.68 v _23_/A (sky130_fd_sc_hd__clkbuf_1)
     1    0.00    0.03    0.09    2.77 v _23_/X (sky130_fd_sc_hd__clkbuf_1)
                                         net11 (net)
                  0.03    0.00    2.77 v output11/A (sky130_fd_sc_hd__buf_2)
     1    0.03    0.09    0.18    2.95 v output11/X (sky130_fd_sc_hd__buf_2)
                                         out[2] (net)
                  0.09    0.00    2.95 v out[2] (out)
                                  2.95   data arrival time

                  0.00   10.00   10.00   clock __VIRTUAL_CLK__ (rise edge)
                          0.00   10.00   clock network delay (ideal)
                         -0.25    9.75   clock uncertainty
                          0.00    9.75   clock reconvergence pessimism
                         -2.00    7.75   output external delay
                                  7.75   data required time
-----------------------------------------------------------------------------
                                  7.75   data required time
                                 -2.95   data arrival time
-----------------------------------------------------------------------------
                                  4.80   slack (MET)


Startpoint: in[0] (input port clocked by __VIRTUAL_CLK__)
Endpoint: out[1] (output port clocked by __VIRTUAL_CLK__)
Path Group: __VIRTUAL_CLK__
Path Type: max

Fanout     Cap    Slew   Delay    Time   Description
-----------------------------------------------------------------------------
                  0.00    0.00    0.00   clock __VIRTUAL_CLK__ (rise edge)
                          0.00    0.00   clock network delay (ideal)
                          2.00    2.00 ^ input external delay
     1    0.00    0.02    0.01    2.01 ^ in[0] (in)
                                         in[0] (net)
                  0.02    0.00    2.01 ^ input1/A (sky130_fd_sc_hd__dlymetal6s2s_1)
     5    0.02    0.18    0.18    2.19 ^ input1/X (sky130_fd_sc_hd__dlymetal6s2s_1)
                                         net1 (net)
                  0.18    0.00    2.19 ^ _19_/B (sky130_fd_sc_hd__xor2_1)
     1    0.00    0.12    0.18    2.37 ^ _19_/X (sky130_fd_sc_hd__xor2_1)
                                         net10 (net)
                  0.12    0.00    2.37 ^ output10/A (sky130_fd_sc_hd__buf_2)
     1    0.03    0.17    0.24    2.61 ^ output10/X (sky130_fd_sc_hd__buf_2)
                                         out[1] (net)
                  0.17    0.00    2.61 ^ out[1] (out)
                                  2.61   data arrival time

                  0.00   10.00   10.00   clock __VIRTUAL_CLK__ (rise edge)
                          0.00   10.00   clock network delay (ideal)
                         -0.25    9.75   clock uncertainty
                          0.00    9.75   clock reconvergence pessimism
                         -2.00    7.75   output external delay
                                  7.75   data required time
-----------------------------------------------------------------------------
                                  7.75   data required time
                                 -2.61   data arrival time
-----------------------------------------------------------------------------
                                  5.14   slack (MET)


Startpoint: in[0] (input port clocked by __VIRTUAL_CLK__)
Endpoint: out[0] (output port clocked by __VIRTUAL_CLK__)
Path Group: __VIRTUAL_CLK__
Path Type: max

Fanout     Cap    Slew   Delay    Time   Description
-----------------------------------------------------------------------------
                  0.00    0.00    0.00   clock __VIRTUAL_CLK__ (rise edge)
                          0.00    0.00   clock network delay (ideal)
                          2.00    2.00 ^ input external delay
     1    0.00    0.02    0.01    2.01 ^ in[0] (in)
                                         in[0] (net)
                  0.02    0.00    2.01 ^ input1/A (sky130_fd_sc_hd__dlymetal6s2s_1)
     5    0.02    0.18    0.18    2.19 ^ input1/X (sky130_fd_sc_hd__dlymetal6s2s_1)
                                         net1 (net)
                  0.18    0.00    2.19 ^ _25_/A (sky130_fd_sc_hd__clkbuf_1)
     1    0.00    0.05    0.12    2.32 ^ _25_/X (sky130_fd_sc_hd__clkbuf_1)
                                         net9 (net)
                  0.05    0.00    2.32 ^ output9/A (sky130_fd_sc_hd__buf_2)
     1    0.04    0.18    0.22    2.53 ^ output9/X (sky130_fd_sc_hd__buf_2)
                                         out[0] (net)
                  0.18    0.00    2.53 ^ out[0] (out)
                                  2.53   data arrival time

                  0.00   10.00   10.00   clock __VIRTUAL_CLK__ (rise edge)
                          0.00   10.00   clock network delay (ideal)
                         -0.25    9.75   clock uncertainty
                          0.00    9.75   clock reconvergence pessimism
                         -2.00    7.75   output external delay
                                  7.75   data required time
-----------------------------------------------------------------------------
                                  7.75   data required time
                                 -2.53   data arrival time
-----------------------------------------------------------------------------
                                  5.22   slack (MET)



worst slack corner Typical: 3.9905
