OpenROAD b16bda7e82721d10566ff7e2b68f1ff0be9f9e38 
Features included (+) or not (-): +Charts +GPU +GUI +Python
This program is licensed under the BSD-3 license. See the LICENSE file for details.
Components of this program may be licensed under more restrictive licenses which must be honored.
Traceback (most recent call last):
  File "/openlane/scripts/odbpy/io_place.py", line 471, in <module>
    io_place()
  File "/nix/store/k6rd3zzkbqzahl1bkyypqx8a6i2vg37q-python3-3.11.9-env/lib/python3.11/site-packages/click/core.py", line 1157, in __call__
    return self.main(*args, **kwargs)
           ^^^^^^^^^^^^^^^^^^^^^^^^^^
  File "/nix/store/k6rd3zzkbqzahl1bkyypqx8a6i2vg37q-python3-3.11.9-env/lib/python3.11/site-packages/click/core.py", line 1078, in main
    rv = self.invoke(ctx)
         ^^^^^^^^^^^^^^^^
  File "/nix/store/k6rd3zzkbqzahl1bkyypqx8a6i2vg37q-python3-3.11.9-env/lib/python3.11/site-packages/click/core.py", line 1434, in invoke
    return ctx.invoke(self.callback, **ctx.params)
           ^^^^^^^^^^^^^^^^^^^^^^^^^^^^^^^^^^^^^^^
  File "/nix/store/k6rd3zzkbqzahl1bkyypqx8a6i2vg37q-python3-3.11.9-env/lib/python3.11/site-packages/click/core.py", line 783, in invoke
    return __callback(*args, **kwargs)
           ^^^^^^^^^^^^^^^^^^^^^^^^^^^
  File "/openlane/scripts/odbpy/reader.py", line 89, in wrapper
    function(**kwargs)
  File "/openlane/scripts/odbpy/io_place.py", line 259, in io_place
    with open(config_file_name, "r") as config_file:
         ^^^^^^^^^^^^^^^^^^^^^^^^^^^
FileNotFoundError: [Errno 2] No such file or directory: '/openlane/designs/twos_complement/src/pin_order.cfg'
