
===========================================================================
report_checks -path_delay max (Setup)
============================================================================
======================= Fastest Corner ===================================

Startpoint: in[3] (input port clocked by __VIRTUAL_CLK__)
Endpoint: out[6] (output port clocked by __VIRTUAL_CLK__)
Path Group: __VIRTUAL_CLK__
Path Type: max
Corner: Fastest

Fanout     Cap    Slew   Delay    Time   Description
-----------------------------------------------------------------------------
                  0.00    0.00    0.00   clock __VIRTUAL_CLK__ (rise edge)
                          0.00    0.00   clock network delay (ideal)
                          2.00    2.00 v input external delay
     1    0.00    0.00    0.00    2.00 v in[3] (in)
                                         in[3] (net)
                  0.00    0.00    2.00 v input4/A (sky130_fd_sc_hd__clkbuf_1)
     2    0.01    0.03    0.06    2.06 v input4/X (sky130_fd_sc_hd__clkbuf_1)
                                         net4 (net)
                  0.03    0.00    2.07 v _09_/A (sky130_fd_sc_hd__or4_2)
     5    0.02    0.10    0.44    2.50 v _09_/X (sky130_fd_sc_hd__or4_2)
                                         _00_ (net)
                  0.10    0.00    2.50 v _15_/D (sky130_fd_sc_hd__or4_1)
     2    0.01    0.08    0.28    2.78 v _15_/X (sky130_fd_sc_hd__or4_1)
                                         _04_ (net)
                  0.08    0.00    2.78 v _16_/B (sky130_fd_sc_hd__and2b_1)
     1    0.01    0.03    0.13    2.91 v _16_/X (sky130_fd_sc_hd__and2b_1)
                                         _05_ (net)
                  0.03    0.00    2.91 v _17_/A (sky130_fd_sc_hd__clkbuf_1)
     1    0.01    0.03    0.07    2.98 v _17_/X (sky130_fd_sc_hd__clkbuf_1)
                                         net15 (net)
                  0.03    0.00    2.98 v output15/A (sky130_fd_sc_hd__buf_2)
     1    0.03    0.06    0.12    3.11 v output15/X (sky130_fd_sc_hd__buf_2)
                                         out[6] (net)
                  0.06    0.00    3.11 v out[6] (out)
                                  3.11   data arrival time

                  0.00   10.00   10.00   clock __VIRTUAL_CLK__ (rise edge)
                          0.00   10.00   clock network delay (ideal)
                         -0.25    9.75   clock uncertainty
                          0.00    9.75   clock reconvergence pessimism
                         -2.00    7.75   output external delay
                                  7.75   data required time
-----------------------------------------------------------------------------
                                  7.75   data required time
                                 -3.11   data arrival time
-----------------------------------------------------------------------------
                                  4.64   slack (MET)


Startpoint: in[3] (input port clocked by __VIRTUAL_CLK__)
Endpoint: out[7] (output port clocked by __VIRTUAL_CLK__)
Path Group: __VIRTUAL_CLK__
Path Type: max
Corner: Fastest

Fanout     Cap    Slew   Delay    Time   Description
-----------------------------------------------------------------------------
                  0.00    0.00    0.00   clock __VIRTUAL_CLK__ (rise edge)
                          0.00    0.00   clock network delay (ideal)
                          2.00    2.00 v input external delay
     1    0.00    0.00    0.00    2.00 v in[3] (in)
                                         in[3] (net)
                  0.00    0.00    2.00 v input4/A (sky130_fd_sc_hd__clkbuf_1)
     2    0.01    0.03    0.06    2.06 v input4/X (sky130_fd_sc_hd__clkbuf_1)
                                         net4 (net)
                  0.03    0.00    2.07 v _09_/A (sky130_fd_sc_hd__or4_2)
     5    0.02    0.10    0.44    2.50 v _09_/X (sky130_fd_sc_hd__or4_2)
                                         _00_ (net)
                  0.10    0.00    2.50 v _15_/D (sky130_fd_sc_hd__or4_1)
     2    0.01    0.08    0.28    2.78 v _15_/X (sky130_fd_sc_hd__or4_1)
                                         _04_ (net)
                  0.08    0.00    2.78 v _18_/B (sky130_fd_sc_hd__xor2_1)
     1    0.00    0.09    0.11    2.90 ^ _18_/X (sky130_fd_sc_hd__xor2_1)
                                         net16 (net)
                  0.09    0.00    2.90 ^ output16/A (sky130_fd_sc_hd__clkbuf_4)
     1    0.03    0.08    0.15    3.05 ^ output16/X (sky130_fd_sc_hd__clkbuf_4)
                                         out[7] (net)
                  0.08    0.00    3.05 ^ out[7] (out)
                                  3.05   data arrival time

                  0.00   10.00   10.00   clock __VIRTUAL_CLK__ (rise edge)
                          0.00   10.00   clock network delay (ideal)
                         -0.25    9.75   clock uncertainty
                          0.00    9.75   clock reconvergence pessimism
                         -2.00    7.75   output external delay
                                  7.75   data required time
-----------------------------------------------------------------------------
                                  7.75   data required time
                                 -3.05   data arrival time
-----------------------------------------------------------------------------
                                  4.70   slack (MET)


Startpoint: in[3] (input port clocked by __VIRTUAL_CLK__)
Endpoint: out[5] (output port clocked by __VIRTUAL_CLK__)
Path Group: __VIRTUAL_CLK__
Path Type: max
Corner: Fastest

Fanout     Cap    Slew   Delay    Time   Description
-----------------------------------------------------------------------------
                  0.00    0.00    0.00   clock __VIRTUAL_CLK__ (rise edge)
                          0.00    0.00   clock network delay (ideal)
                          2.00    2.00 v input external delay
     1    0.00    0.00    0.00    2.00 v in[3] (in)
                                         in[3] (net)
                  0.00    0.00    2.00 v input4/A (sky130_fd_sc_hd__clkbuf_1)
     2    0.01    0.03    0.06    2.06 v input4/X (sky130_fd_sc_hd__clkbuf_1)
                                         net4 (net)
                  0.03    0.00    2.07 v _09_/A (sky130_fd_sc_hd__or4_2)
     5    0.02    0.10    0.44    2.50 v _09_/X (sky130_fd_sc_hd__or4_2)
                                         _00_ (net)
                  0.10    0.00    2.50 v _10_/B (sky130_fd_sc_hd__nor2_1)
     2    0.01    0.14    0.15    2.66 ^ _10_/Y (sky130_fd_sc_hd__nor2_1)
                                         _01_ (net)
                  0.14    0.00    2.66 ^ _13_/B (sky130_fd_sc_hd__xnor2_1)
     1    0.00    0.08    0.08    2.74 ^ _13_/Y (sky130_fd_sc_hd__xnor2_1)
                                         net14 (net)
                  0.08    0.00    2.74 ^ output14/A (sky130_fd_sc_hd__buf_2)
     1    0.03    0.13    0.16    2.89 ^ output14/X (sky130_fd_sc_hd__buf_2)
                                         out[5] (net)
                  0.13    0.00    2.89 ^ out[5] (out)
                                  2.89   data arrival time

                  0.00   10.00   10.00   clock __VIRTUAL_CLK__ (rise edge)
                          0.00   10.00   clock network delay (ideal)
                         -0.25    9.75   clock uncertainty
                          0.00    9.75   clock reconvergence pessimism
                         -2.00    7.75   output external delay
                                  7.75   data required time
-----------------------------------------------------------------------------
                                  7.75   data required time
                                 -2.89   data arrival time
-----------------------------------------------------------------------------
                                  4.86   slack (MET)


Startpoint: in[3] (input port clocked by __VIRTUAL_CLK__)
Endpoint: out[4] (output port clocked by __VIRTUAL_CLK__)
Path Group: __VIRTUAL_CLK__
Path Type: max
Corner: Fastest

Fanout     Cap    Slew   Delay    Time   Description
-----------------------------------------------------------------------------
                  0.00    0.00    0.00   clock __VIRTUAL_CLK__ (rise edge)
                          0.00    0.00   clock network delay (ideal)
                          2.00    2.00 v input external delay
     1    0.00    0.00    0.00    2.00 v in[3] (in)
                                         in[3] (net)
                  0.00    0.00    2.00 v input4/A (sky130_fd_sc_hd__clkbuf_1)
     2    0.01    0.03    0.06    2.06 v input4/X (sky130_fd_sc_hd__clkbuf_1)
                                         net4 (net)
                  0.03    0.00    2.07 v _09_/A (sky130_fd_sc_hd__or4_2)
     5    0.02    0.10    0.44    2.50 v _09_/X (sky130_fd_sc_hd__or4_2)
                                         _00_ (net)
                  0.10    0.00    2.50 v _11_/B (sky130_fd_sc_hd__and2_1)
     1    0.00    0.03    0.13    2.64 v _11_/X (sky130_fd_sc_hd__and2_1)
                                         _02_ (net)
                  0.03    0.00    2.64 v _12_/B (sky130_fd_sc_hd__nor2_1)
     1    0.00    0.07    0.07    2.71 ^ _12_/Y (sky130_fd_sc_hd__nor2_1)
                                         net13 (net)
                  0.07    0.00    2.71 ^ output13/A (sky130_fd_sc_hd__buf_2)
     1    0.03    0.13    0.16    2.87 ^ output13/X (sky130_fd_sc_hd__buf_2)
                                         out[4] (net)
                  0.13    0.00    2.87 ^ out[4] (out)
                                  2.87   data arrival time

                  0.00   10.00   10.00   clock __VIRTUAL_CLK__ (rise edge)
                          0.00   10.00   clock network delay (ideal)
                         -0.25    9.75   clock uncertainty
                          0.00    9.75   clock reconvergence pessimism
                         -2.00    7.75   output external delay
                                  7.75   data required time
-----------------------------------------------------------------------------
                                  7.75   data required time
                                 -2.87   data arrival time
-----------------------------------------------------------------------------
                                  4.88   slack (MET)


Startpoint: in[3] (input port clocked by __VIRTUAL_CLK__)
Endpoint: out[3] (output port clocked by __VIRTUAL_CLK__)
Path Group: __VIRTUAL_CLK__
Path Type: max
Corner: Fastest

Fanout     Cap    Slew   Delay    Time   Description
-----------------------------------------------------------------------------
                  0.00    0.00    0.00   clock __VIRTUAL_CLK__ (rise edge)
                          0.00    0.00   clock network delay (ideal)
                          2.00    2.00 v input external delay
     1    0.00    0.00    0.00    2.00 v in[3] (in)
                                         in[3] (net)
                  0.00    0.00    2.00 v input4/A (sky130_fd_sc_hd__clkbuf_1)
     2    0.01    0.03    0.06    2.06 v input4/X (sky130_fd_sc_hd__clkbuf_1)
                                         net4 (net)
                  0.03    0.00    2.07 v _09_/A (sky130_fd_sc_hd__or4_2)
     5    0.02    0.10    0.44    2.50 v _09_/X (sky130_fd_sc_hd__or4_2)
                                         _00_ (net)
                  0.10    0.00    2.50 v _24_/B1_N (sky130_fd_sc_hd__a21boi_1)
     1    0.00    0.03    0.11    2.62 v _24_/Y (sky130_fd_sc_hd__a21boi_1)
                                         net12 (net)
                  0.03    0.00    2.62 v output12/A (sky130_fd_sc_hd__buf_2)
     1    0.03    0.06    0.13    2.74 v output12/X (sky130_fd_sc_hd__buf_2)
                                         out[3] (net)
                  0.06    0.00    2.74 v out[3] (out)
                                  2.74   data arrival time

                  0.00   10.00   10.00   clock __VIRTUAL_CLK__ (rise edge)
                          0.00   10.00   clock network delay (ideal)
                         -0.25    9.75   clock uncertainty
                          0.00    9.75   clock reconvergence pessimism
                         -2.00    7.75   output external delay
                                  7.75   data required time
-----------------------------------------------------------------------------
                                  7.75   data required time
                                 -2.74   data arrival time
-----------------------------------------------------------------------------
                                  5.01   slack (MET)


Startpoint: in[0] (input port clocked by __VIRTUAL_CLK__)
Endpoint: out[2] (output port clocked by __VIRTUAL_CLK__)
Path Group: __VIRTUAL_CLK__
Path Type: max
Corner: Fastest

Fanout     Cap    Slew   Delay    Time   Description
-----------------------------------------------------------------------------
                  0.00    0.00    0.00   clock __VIRTUAL_CLK__ (rise edge)
                          0.00    0.00   clock network delay (ideal)
                          2.00    2.00 v input external delay
     1    0.00    0.00    0.00    2.00 v in[0] (in)
                                         in[0] (net)
                  0.00    0.00    2.00 v input1/A (sky130_fd_sc_hd__dlymetal6s2s_1)
     5    0.02    0.07    0.12    2.12 v input1/X (sky130_fd_sc_hd__dlymetal6s2s_1)
                                         net1 (net)
                  0.07    0.00    2.12 v _20_/C (sky130_fd_sc_hd__or3_1)
     2    0.01    0.06    0.21    2.33 v _20_/X (sky130_fd_sc_hd__or3_1)
                                         _06_ (net)
                  0.06    0.00    2.33 v _22_/A (sky130_fd_sc_hd__and2_1)
     1    0.01    0.03    0.11    2.44 v _22_/X (sky130_fd_sc_hd__and2_1)
                                         _08_ (net)
                  0.03    0.00    2.44 v _23_/A (sky130_fd_sc_hd__clkbuf_1)
     1    0.00    0.03    0.07    2.51 v _23_/X (sky130_fd_sc_hd__clkbuf_1)
                                         net11 (net)
                  0.03    0.00    2.51 v output11/A (sky130_fd_sc_hd__buf_2)
     1    0.03    0.06    0.12    2.63 v output11/X (sky130_fd_sc_hd__buf_2)
                                         out[2] (net)
                  0.06    0.00    2.63 v out[2] (out)
                                  2.63   data arrival time

                  0.00   10.00   10.00   clock __VIRTUAL_CLK__ (rise edge)
                          0.00   10.00   clock network delay (ideal)
                         -0.25    9.75   clock uncertainty
                          0.00    9.75   clock reconvergence pessimism
                         -2.00    7.75   output external delay
                                  7.75   data required time
-----------------------------------------------------------------------------
                                  7.75   data required time
                                 -2.63   data arrival time
-----------------------------------------------------------------------------
                                  5.12   slack (MET)


Startpoint: in[0] (input port clocked by __VIRTUAL_CLK__)
Endpoint: out[1] (output port clocked by __VIRTUAL_CLK__)
Path Group: __VIRTUAL_CLK__
Path Type: max
Corner: Fastest

Fanout     Cap    Slew   Delay    Time   Description
-----------------------------------------------------------------------------
                  0.00    0.00    0.00   clock __VIRTUAL_CLK__ (rise edge)
                          0.00    0.00   clock network delay (ideal)
                          2.00    2.00 ^ input external delay
     1    0.00    0.01    0.01    2.01 ^ in[0] (in)
                                         in[0] (net)
                  0.01    0.00    2.01 ^ input1/A (sky130_fd_sc_hd__dlymetal6s2s_1)
     5    0.02    0.15    0.14    2.15 ^ input1/X (sky130_fd_sc_hd__dlymetal6s2s_1)
                                         net1 (net)
                  0.15    0.00    2.15 ^ _19_/B (sky130_fd_sc_hd__xor2_1)
     1    0.00    0.09    0.11    2.25 ^ _19_/X (sky130_fd_sc_hd__xor2_1)
                                         net10 (net)
                  0.09    0.00    2.25 ^ output10/A (sky130_fd_sc_hd__buf_2)
     1    0.03    0.13    0.16    2.41 ^ output10/X (sky130_fd_sc_hd__buf_2)
                                         out[1] (net)
                  0.13    0.00    2.41 ^ out[1] (out)
                                  2.41   data arrival time

                  0.00   10.00   10.00   clock __VIRTUAL_CLK__ (rise edge)
                          0.00   10.00   clock network delay (ideal)
                         -0.25    9.75   clock uncertainty
                          0.00    9.75   clock reconvergence pessimism
                         -2.00    7.75   output external delay
                                  7.75   data required time
-----------------------------------------------------------------------------
                                  7.75   data required time
                                 -2.41   data arrival time
-----------------------------------------------------------------------------
                                  5.34   slack (MET)


Startpoint: in[0] (input port clocked by __VIRTUAL_CLK__)
Endpoint: out[0] (output port clocked by __VIRTUAL_CLK__)
Path Group: __VIRTUAL_CLK__
Path Type: max
Corner: Fastest

Fanout     Cap    Slew   Delay    Time   Description
-----------------------------------------------------------------------------
                  0.00    0.00    0.00   clock __VIRTUAL_CLK__ (rise edge)
                          0.00    0.00   clock network delay (ideal)
                          2.00    2.00 ^ input external delay
     1    0.00    0.01    0.01    2.01 ^ in[0] (in)
                                         in[0] (net)
                  0.01    0.00    2.01 ^ input1/A (sky130_fd_sc_hd__dlymetal6s2s_1)
     5    0.02    0.15    0.14    2.15 ^ input1/X (sky130_fd_sc_hd__dlymetal6s2s_1)
                                         net1 (net)
                  0.15    0.00    2.15 ^ _25_/A (sky130_fd_sc_hd__clkbuf_1)
     1    0.00    0.04    0.07    2.22 ^ _25_/X (sky130_fd_sc_hd__clkbuf_1)
                                         net9 (net)
                  0.04    0.00    2.22 ^ output9/A (sky130_fd_sc_hd__buf_2)
     1    0.03    0.13    0.15    2.37 ^ output9/X (sky130_fd_sc_hd__buf_2)
                                         out[0] (net)
                  0.13    0.00    2.37 ^ out[0] (out)
                                  2.37   data arrival time

                  0.00   10.00   10.00   clock __VIRTUAL_CLK__ (rise edge)
                          0.00   10.00   clock network delay (ideal)
                         -0.25    9.75   clock uncertainty
                          0.00    9.75   clock reconvergence pessimism
                         -2.00    7.75   output external delay
                                  7.75   data required time
-----------------------------------------------------------------------------
                                  7.75   data required time
                                 -2.37   data arrival time
-----------------------------------------------------------------------------
                                  5.38   slack (MET)



worst slack corner Fastest: 4.6427
======================= Slowest Corner ===================================

Startpoint: in[3] (input port clocked by __VIRTUAL_CLK__)
Endpoint: out[6] (output port clocked by __VIRTUAL_CLK__)
Path Group: __VIRTUAL_CLK__
Path Type: max
Corner: Slowest

Fanout     Cap    Slew   Delay    Time   Description
-----------------------------------------------------------------------------
                  0.00    0.00    0.00   clock __VIRTUAL_CLK__ (rise edge)
                          0.00    0.00   clock network delay (ideal)
                          2.00    2.00 v input external delay
     1    0.00    0.02    0.01    2.01 v in[3] (in)
                                         in[3] (net)
                  0.02    0.00    2.01 v input4/A (sky130_fd_sc_hd__clkbuf_1)
     2    0.01    0.09    0.18    2.19 v input4/X (sky130_fd_sc_hd__clkbuf_1)
                                         net4 (net)
                  0.09    0.00    2.19 v _09_/A (sky130_fd_sc_hd__or4_2)
     5    0.02    0.31    1.81    4.00 v _09_/X (sky130_fd_sc_hd__or4_2)
                                         _00_ (net)
                  0.31    0.00    4.00 v _15_/D (sky130_fd_sc_hd__or4_1)
     2    0.01    0.25    1.19    5.20 v _15_/X (sky130_fd_sc_hd__or4_1)
                                         _04_ (net)
                  0.25    0.00    5.20 v _16_/B (sky130_fd_sc_hd__and2b_1)
     1    0.01    0.08    0.45    5.65 v _16_/X (sky130_fd_sc_hd__and2b_1)
                                         _05_ (net)
                  0.08    0.00    5.65 v _17_/A (sky130_fd_sc_hd__clkbuf_1)
     1    0.01    0.08    0.21    5.85 v _17_/X (sky130_fd_sc_hd__clkbuf_1)
                                         net15 (net)
                  0.08    0.00    5.85 v output15/A (sky130_fd_sc_hd__buf_2)
     1    0.03    0.17    0.37    6.22 v output15/X (sky130_fd_sc_hd__buf_2)
                                         out[6] (net)
                  0.17    0.00    6.22 v out[6] (out)
                                  6.22   data arrival time

                  0.00   10.00   10.00   clock __VIRTUAL_CLK__ (rise edge)
                          0.00   10.00   clock network delay (ideal)
                         -0.25    9.75   clock uncertainty
                          0.00    9.75   clock reconvergence pessimism
                         -2.00    7.75   output external delay
                                  7.75   data required time
-----------------------------------------------------------------------------
                                  7.75   data required time
                                 -6.22   data arrival time
-----------------------------------------------------------------------------
                                  1.53   slack (MET)


Startpoint: in[3] (input port clocked by __VIRTUAL_CLK__)
Endpoint: out[7] (output port clocked by __VIRTUAL_CLK__)
Path Group: __VIRTUAL_CLK__
Path Type: max
Corner: Slowest

Fanout     Cap    Slew   Delay    Time   Description
-----------------------------------------------------------------------------
                  0.00    0.00    0.00   clock __VIRTUAL_CLK__ (rise edge)
                          0.00    0.00   clock network delay (ideal)
                          2.00    2.00 v input external delay
     1    0.00    0.02    0.01    2.01 v in[3] (in)
                                         in[3] (net)
                  0.02    0.00    2.01 v input4/A (sky130_fd_sc_hd__clkbuf_1)
     2    0.01    0.09    0.18    2.19 v input4/X (sky130_fd_sc_hd__clkbuf_1)
                                         net4 (net)
                  0.09    0.00    2.19 v _09_/A (sky130_fd_sc_hd__or4_2)
     5    0.02    0.31    1.81    4.00 v _09_/X (sky130_fd_sc_hd__or4_2)
                                         _00_ (net)
                  0.31    0.00    4.00 v _15_/D (sky130_fd_sc_hd__or4_1)
     2    0.01    0.25    1.19    5.20 v _15_/X (sky130_fd_sc_hd__or4_1)
                                         _04_ (net)
                  0.25    0.00    5.20 v _18_/B (sky130_fd_sc_hd__xor2_1)
     1    0.00    0.21    0.31    5.51 ^ _18_/X (sky130_fd_sc_hd__xor2_1)
                                         net16 (net)
                  0.21    0.00    5.51 ^ output16/A (sky130_fd_sc_hd__clkbuf_4)
     1    0.03    0.18    0.41    5.92 ^ output16/X (sky130_fd_sc_hd__clkbuf_4)
                                         out[7] (net)
                  0.18    0.00    5.93 ^ out[7] (out)
                                  5.93   data arrival time

                  0.00   10.00   10.00   clock __VIRTUAL_CLK__ (rise edge)
                          0.00   10.00   clock network delay (ideal)
                         -0.25    9.75   clock uncertainty
                          0.00    9.75   clock reconvergence pessimism
                         -2.00    7.75   output external delay
                                  7.75   data required time
-----------------------------------------------------------------------------
                                  7.75   data required time
                                 -5.93   data arrival time
-----------------------------------------------------------------------------
                                  1.82   slack (MET)


Startpoint: in[3] (input port clocked by __VIRTUAL_CLK__)
Endpoint: out[5] (output port clocked by __VIRTUAL_CLK__)
Path Group: __VIRTUAL_CLK__
Path Type: max
Corner: Slowest

Fanout     Cap    Slew   Delay    Time   Description
-----------------------------------------------------------------------------
                  0.00    0.00    0.00   clock __VIRTUAL_CLK__ (rise edge)
                          0.00    0.00   clock network delay (ideal)
                          2.00    2.00 v input external delay
     1    0.00    0.02    0.01    2.01 v in[3] (in)
                                         in[3] (net)
                  0.02    0.00    2.01 v input4/A (sky130_fd_sc_hd__clkbuf_1)
     2    0.01    0.09    0.18    2.19 v input4/X (sky130_fd_sc_hd__clkbuf_1)
                                         net4 (net)
                  0.09    0.00    2.19 v _09_/A (sky130_fd_sc_hd__or4_2)
     5    0.02    0.31    1.81    4.00 v _09_/X (sky130_fd_sc_hd__or4_2)
                                         _00_ (net)
                  0.31    0.00    4.00 v _10_/B (sky130_fd_sc_hd__nor2_1)
     2    0.01    0.34    0.41    4.42 ^ _10_/Y (sky130_fd_sc_hd__nor2_1)
                                         _01_ (net)
                  0.34    0.00    4.42 ^ _13_/B (sky130_fd_sc_hd__xnor2_1)
     1    0.00    0.18    0.30    4.72 ^ _13_/Y (sky130_fd_sc_hd__xnor2_1)
                                         net14 (net)
                  0.18    0.00    4.72 ^ output14/A (sky130_fd_sc_hd__buf_2)
     1    0.03    0.27    0.42    5.13 ^ output14/X (sky130_fd_sc_hd__buf_2)
                                         out[5] (net)
                  0.27    0.00    5.14 ^ out[5] (out)
                                  5.14   data arrival time

                  0.00   10.00   10.00   clock __VIRTUAL_CLK__ (rise edge)
                          0.00   10.00   clock network delay (ideal)
                         -0.25    9.75   clock uncertainty
                          0.00    9.75   clock reconvergence pessimism
                         -2.00    7.75   output external delay
                                  7.75   data required time
-----------------------------------------------------------------------------
                                  7.75   data required time
                                 -5.14   data arrival time
-----------------------------------------------------------------------------
                                  2.61   slack (MET)


Startpoint: in[3] (input port clocked by __VIRTUAL_CLK__)
Endpoint: out[4] (output port clocked by __VIRTUAL_CLK__)
Path Group: __VIRTUAL_CLK__
Path Type: max
Corner: Slowest

Fanout     Cap    Slew   Delay    Time   Description
-----------------------------------------------------------------------------
                  0.00    0.00    0.00   clock __VIRTUAL_CLK__ (rise edge)
                          0.00    0.00   clock network delay (ideal)
                          2.00    2.00 v input external delay
     1    0.00    0.02    0.01    2.01 v in[3] (in)
                                         in[3] (net)
                  0.02    0.00    2.01 v input4/A (sky130_fd_sc_hd__clkbuf_1)
     2    0.01    0.09    0.18    2.19 v input4/X (sky130_fd_sc_hd__clkbuf_1)
                                         net4 (net)
                  0.09    0.00    2.19 v _09_/A (sky130_fd_sc_hd__or4_2)
     5    0.02    0.31    1.81    4.00 v _09_/X (sky130_fd_sc_hd__or4_2)
                                         _00_ (net)
                  0.31    0.00    4.00 v _11_/B (sky130_fd_sc_hd__and2_1)
     1    0.00    0.08    0.47    4.47 v _11_/X (sky130_fd_sc_hd__and2_1)
                                         _02_ (net)
                  0.08    0.00    4.47 v _12_/B (sky130_fd_sc_hd__nor2_1)
     1    0.00    0.17    0.19    4.66 ^ _12_/Y (sky130_fd_sc_hd__nor2_1)
                                         net13 (net)
                  0.17    0.00    4.66 ^ output13/A (sky130_fd_sc_hd__buf_2)
     1    0.03    0.27    0.41    5.07 ^ output13/X (sky130_fd_sc_hd__buf_2)
                                         out[4] (net)
                  0.27    0.00    5.07 ^ out[4] (out)
                                  5.07   data arrival time

                  0.00   10.00   10.00   clock __VIRTUAL_CLK__ (rise edge)
                          0.00   10.00   clock network delay (ideal)
                         -0.25    9.75   clock uncertainty
                          0.00    9.75   clock reconvergence pessimism
                         -2.00    7.75   output external delay
                                  7.75   data required time
-----------------------------------------------------------------------------
                                  7.75   data required time
                                 -5.07   data arrival time
-----------------------------------------------------------------------------
                                  2.68   slack (MET)


Startpoint: in[3] (input port clocked by __VIRTUAL_CLK__)
Endpoint: out[3] (output port clocked by __VIRTUAL_CLK__)
Path Group: __VIRTUAL_CLK__
Path Type: max
Corner: Slowest

Fanout     Cap    Slew   Delay    Time   Description
-----------------------------------------------------------------------------
                  0.00    0.00    0.00   clock __VIRTUAL_CLK__ (rise edge)
                          0.00    0.00   clock network delay (ideal)
                          2.00    2.00 v input external delay
     1    0.00    0.02    0.01    2.01 v in[3] (in)
                                         in[3] (net)
                  0.02    0.00    2.01 v input4/A (sky130_fd_sc_hd__clkbuf_1)
     2    0.01    0.09    0.18    2.19 v input4/X (sky130_fd_sc_hd__clkbuf_1)
                                         net4 (net)
                  0.09    0.00    2.19 v _09_/A (sky130_fd_sc_hd__or4_2)
     5    0.02    0.31    1.81    4.00 v _09_/X (sky130_fd_sc_hd__or4_2)
                                         _00_ (net)
                  0.31    0.00    4.00 v _24_/B1_N (sky130_fd_sc_hd__a21boi_1)
     1    0.00    0.11    0.39    4.40 v _24_/Y (sky130_fd_sc_hd__a21boi_1)
                                         net12 (net)
                  0.11    0.00    4.40 v output12/A (sky130_fd_sc_hd__buf_2)
     1    0.03    0.16    0.38    4.78 v output12/X (sky130_fd_sc_hd__buf_2)
                                         out[3] (net)
                  0.16    0.00    4.78 v out[3] (out)
                                  4.78   data arrival time

                  0.00   10.00   10.00   clock __VIRTUAL_CLK__ (rise edge)
                          0.00   10.00   clock network delay (ideal)
                         -0.25    9.75   clock uncertainty
                          0.00    9.75   clock reconvergence pessimism
                         -2.00    7.75   output external delay
                                  7.75   data required time
-----------------------------------------------------------------------------
                                  7.75   data required time
                                 -4.78   data arrival time
-----------------------------------------------------------------------------
                                  2.97   slack (MET)


Startpoint: in[0] (input port clocked by __VIRTUAL_CLK__)
Endpoint: out[2] (output port clocked by __VIRTUAL_CLK__)
Path Group: __VIRTUAL_CLK__
Path Type: max
Corner: Slowest

Fanout     Cap    Slew   Delay    Time   Description
-----------------------------------------------------------------------------
                  0.00    0.00    0.00   clock __VIRTUAL_CLK__ (rise edge)
                          0.00    0.00   clock network delay (ideal)
                          2.00    2.00 v input external delay
     1    0.00    0.02    0.01    2.01 v in[0] (in)
                                         in[0] (net)
                  0.02    0.00    2.01 v input1/A (sky130_fd_sc_hd__dlymetal6s2s_1)
     5    0.02    0.18    0.37    2.38 v input1/X (sky130_fd_sc_hd__dlymetal6s2s_1)
                                         net1 (net)
                  0.18    0.00    2.38 v _20_/C (sky130_fd_sc_hd__or3_1)
     2    0.01    0.18    0.86    3.24 v _20_/X (sky130_fd_sc_hd__or3_1)
                                         _06_ (net)
                  0.18    0.00    3.24 v _22_/A (sky130_fd_sc_hd__and2_1)
     1    0.01    0.09    0.37    3.62 v _22_/X (sky130_fd_sc_hd__and2_1)
                                         _08_ (net)
                  0.09    0.00    3.62 v _23_/A (sky130_fd_sc_hd__clkbuf_1)
     1    0.00    0.07    0.20    3.81 v _23_/X (sky130_fd_sc_hd__clkbuf_1)
                                         net11 (net)
                  0.07    0.00    3.81 v output11/A (sky130_fd_sc_hd__buf_2)
     1    0.03    0.16    0.36    4.17 v output11/X (sky130_fd_sc_hd__buf_2)
                                         out[2] (net)
                  0.16    0.00    4.17 v out[2] (out)
                                  4.17   data arrival time

                  0.00   10.00   10.00   clock __VIRTUAL_CLK__ (rise edge)
                          0.00   10.00   clock network delay (ideal)
                         -0.25    9.75   clock uncertainty
                          0.00    9.75   clock reconvergence pessimism
                         -2.00    7.75   output external delay
                                  7.75   data required time
-----------------------------------------------------------------------------
                                  7.75   data required time
                                 -4.17   data arrival time
-----------------------------------------------------------------------------
                                  3.58   slack (MET)


Startpoint: in[0] (input port clocked by __VIRTUAL_CLK__)
Endpoint: out[1] (output port clocked by __VIRTUAL_CLK__)
Path Group: __VIRTUAL_CLK__
Path Type: max
Corner: Slowest

Fanout     Cap    Slew   Delay    Time   Description
-----------------------------------------------------------------------------
                  0.00    0.00    0.00   clock __VIRTUAL_CLK__ (rise edge)
                          0.00    0.00   clock network delay (ideal)
                          2.00    2.00 ^ input external delay
     1    0.00    0.03    0.02    2.02 ^ in[0] (in)
                                         in[0] (net)
                  0.03    0.00    2.02 ^ input1/A (sky130_fd_sc_hd__dlymetal6s2s_1)
     5    0.02    0.29    0.31    2.33 ^ input1/X (sky130_fd_sc_hd__dlymetal6s2s_1)
                                         net1 (net)
                  0.29    0.00    2.33 ^ _19_/B (sky130_fd_sc_hd__xor2_1)
     1    0.00    0.21    0.35    2.68 ^ _19_/X (sky130_fd_sc_hd__xor2_1)
                                         net10 (net)
                  0.21    0.00    2.68 ^ output10/A (sky130_fd_sc_hd__buf_2)
     1    0.03    0.27    0.43    3.11 ^ output10/X (sky130_fd_sc_hd__buf_2)
                                         out[1] (net)
                  0.27    0.00    3.11 ^ out[1] (out)
                                  3.11   data arrival time

                  0.00   10.00   10.00   clock __VIRTUAL_CLK__ (rise edge)
                          0.00   10.00   clock network delay (ideal)
                         -0.25    9.75   clock uncertainty
                          0.00    9.75   clock reconvergence pessimism
                         -2.00    7.75   output external delay
                                  7.75   data required time
-----------------------------------------------------------------------------
                                  7.75   data required time
                                 -3.11   data arrival time
-----------------------------------------------------------------------------
                                  4.64   slack (MET)


Startpoint: in[0] (input port clocked by __VIRTUAL_CLK__)
Endpoint: out[0] (output port clocked by __VIRTUAL_CLK__)
Path Group: __VIRTUAL_CLK__
Path Type: max
Corner: Slowest

Fanout     Cap    Slew   Delay    Time   Description
-----------------------------------------------------------------------------
                  0.00    0.00    0.00   clock __VIRTUAL_CLK__ (rise edge)
                          0.00    0.00   clock network delay (ideal)
                          2.00    2.00 v input external delay
     1    0.00    0.02    0.01    2.01 v in[0] (in)
                                         in[0] (net)
                  0.02    0.00    2.01 v input1/A (sky130_fd_sc_hd__dlymetal6s2s_1)
     5    0.02    0.18    0.37    2.38 v input1/X (sky130_fd_sc_hd__dlymetal6s2s_1)
                                         net1 (net)
                  0.18    0.00    2.38 v _25_/A (sky130_fd_sc_hd__clkbuf_1)
     1    0.00    0.06    0.23    2.61 v _25_/X (sky130_fd_sc_hd__clkbuf_1)
                                         net9 (net)
                  0.06    0.00    2.61 v output9/A (sky130_fd_sc_hd__buf_2)
     1    0.03    0.17    0.36    2.97 v output9/X (sky130_fd_sc_hd__buf_2)
                                         out[0] (net)
                  0.17    0.00    2.97 v out[0] (out)
                                  2.97   data arrival time

                  0.00   10.00   10.00   clock __VIRTUAL_CLK__ (rise edge)
                          0.00   10.00   clock network delay (ideal)
                         -0.25    9.75   clock uncertainty
                          0.00    9.75   clock reconvergence pessimism
                         -2.00    7.75   output external delay
                                  7.75   data required time
-----------------------------------------------------------------------------
                                  7.75   data required time
                                 -2.97   data arrival time
-----------------------------------------------------------------------------
                                  4.78   slack (MET)



worst slack corner Slowest: 1.5289
======================= Typical Corner ===================================

Startpoint: in[3] (input port clocked by __VIRTUAL_CLK__)
Endpoint: out[6] (output port clocked by __VIRTUAL_CLK__)
Path Group: __VIRTUAL_CLK__
Path Type: max
Corner: Typical

Fanout     Cap    Slew   Delay    Time   Description
-----------------------------------------------------------------------------
                  0.00    0.00    0.00   clock __VIRTUAL_CLK__ (rise edge)
                          0.00    0.00   clock network delay (ideal)
                          2.00    2.00 v input external delay
     1    0.00    0.01    0.00    2.00 v in[3] (in)
                                         in[3] (net)
                  0.01    0.00    2.00 v input4/A (sky130_fd_sc_hd__clkbuf_1)
     2    0.01    0.05    0.10    2.10 v input4/X (sky130_fd_sc_hd__clkbuf_1)
                                         net4 (net)
                  0.05    0.00    2.10 v _09_/A (sky130_fd_sc_hd__or4_2)
     5    0.02    0.15    0.77    2.87 v _09_/X (sky130_fd_sc_hd__or4_2)
                                         _00_ (net)
                  0.15    0.00    2.87 v _15_/D (sky130_fd_sc_hd__or4_1)
     2    0.01    0.12    0.50    3.37 v _15_/X (sky130_fd_sc_hd__or4_1)
                                         _04_ (net)
                  0.12    0.00    3.37 v _16_/B (sky130_fd_sc_hd__and2b_1)
     1    0.01    0.04    0.20    3.57 v _16_/X (sky130_fd_sc_hd__and2b_1)
                                         _05_ (net)
                  0.04    0.00    3.57 v _17_/A (sky130_fd_sc_hd__clkbuf_1)
     1    0.01    0.04    0.11    3.68 v _17_/X (sky130_fd_sc_hd__clkbuf_1)
                                         net15 (net)
                  0.04    0.00    3.68 v output15/A (sky130_fd_sc_hd__buf_2)
     1    0.03    0.09    0.19    3.87 v output15/X (sky130_fd_sc_hd__buf_2)
                                         out[6] (net)
                  0.09    0.00    3.87 v out[6] (out)
                                  3.87   data arrival time

                  0.00   10.00   10.00   clock __VIRTUAL_CLK__ (rise edge)
                          0.00   10.00   clock network delay (ideal)
                         -0.25    9.75   clock uncertainty
                          0.00    9.75   clock reconvergence pessimism
                         -2.00    7.75   output external delay
                                  7.75   data required time
-----------------------------------------------------------------------------
                                  7.75   data required time
                                 -3.87   data arrival time
-----------------------------------------------------------------------------
                                  3.88   slack (MET)


Startpoint: in[3] (input port clocked by __VIRTUAL_CLK__)
Endpoint: out[7] (output port clocked by __VIRTUAL_CLK__)
Path Group: __VIRTUAL_CLK__
Path Type: max
Corner: Typical

Fanout     Cap    Slew   Delay    Time   Description
-----------------------------------------------------------------------------
                  0.00    0.00    0.00   clock __VIRTUAL_CLK__ (rise edge)
                          0.00    0.00   clock network delay (ideal)
                          2.00    2.00 v input external delay
     1    0.00    0.01    0.00    2.00 v in[3] (in)
                                         in[3] (net)
                  0.01    0.00    2.00 v input4/A (sky130_fd_sc_hd__clkbuf_1)
     2    0.01    0.05    0.10    2.10 v input4/X (sky130_fd_sc_hd__clkbuf_1)
                                         net4 (net)
                  0.05    0.00    2.10 v _09_/A (sky130_fd_sc_hd__or4_2)
     5    0.02    0.15    0.77    2.87 v _09_/X (sky130_fd_sc_hd__or4_2)
                                         _00_ (net)
                  0.15    0.00    2.87 v _15_/D (sky130_fd_sc_hd__or4_1)
     2    0.01    0.12    0.50    3.37 v _15_/X (sky130_fd_sc_hd__or4_1)
                                         _04_ (net)
                  0.12    0.00    3.37 v _18_/B (sky130_fd_sc_hd__xor2_1)
     1    0.00    0.13    0.17    3.54 ^ _18_/X (sky130_fd_sc_hd__xor2_1)
                                         net16 (net)
                  0.13    0.00    3.54 ^ output16/A (sky130_fd_sc_hd__clkbuf_4)
     1    0.03    0.11    0.23    3.77 ^ output16/X (sky130_fd_sc_hd__clkbuf_4)
                                         out[7] (net)
                  0.11    0.00    3.77 ^ out[7] (out)
                                  3.77   data arrival time

                  0.00   10.00   10.00   clock __VIRTUAL_CLK__ (rise edge)
                          0.00   10.00   clock network delay (ideal)
                         -0.25    9.75   clock uncertainty
                          0.00    9.75   clock reconvergence pessimism
                         -2.00    7.75   output external delay
                                  7.75   data required time
-----------------------------------------------------------------------------
                                  7.75   data required time
                                 -3.77   data arrival time
-----------------------------------------------------------------------------
                                  3.98   slack (MET)


Startpoint: in[3] (input port clocked by __VIRTUAL_CLK__)
Endpoint: out[5] (output port clocked by __VIRTUAL_CLK__)
Path Group: __VIRTUAL_CLK__
Path Type: max
Corner: Typical

Fanout     Cap    Slew   Delay    Time   Description
-----------------------------------------------------------------------------
                  0.00    0.00    0.00   clock __VIRTUAL_CLK__ (rise edge)
                          0.00    0.00   clock network delay (ideal)
                          2.00    2.00 v input external delay
     1    0.00    0.01    0.00    2.00 v in[3] (in)
                                         in[3] (net)
                  0.01    0.00    2.00 v input4/A (sky130_fd_sc_hd__clkbuf_1)
     2    0.01    0.05    0.10    2.10 v input4/X (sky130_fd_sc_hd__clkbuf_1)
                                         net4 (net)
                  0.05    0.00    2.10 v _09_/A (sky130_fd_sc_hd__or4_2)
     5    0.02    0.15    0.77    2.87 v _09_/X (sky130_fd_sc_hd__or4_2)
                                         _00_ (net)
                  0.15    0.00    2.87 v _10_/B (sky130_fd_sc_hd__nor2_1)
     2    0.01    0.20    0.22    3.09 ^ _10_/Y (sky130_fd_sc_hd__nor2_1)
                                         _01_ (net)
                  0.20    0.00    3.09 ^ _13_/B (sky130_fd_sc_hd__xnor2_1)
     1    0.00    0.11    0.15    3.24 ^ _13_/Y (sky130_fd_sc_hd__xnor2_1)
                                         net14 (net)
                  0.11    0.00    3.24 ^ output14/A (sky130_fd_sc_hd__buf_2)
     1    0.03    0.17    0.23    3.48 ^ output14/X (sky130_fd_sc_hd__buf_2)
                                         out[5] (net)
                  0.17    0.00    3.48 ^ out[5] (out)
                                  3.48   data arrival time

                  0.00   10.00   10.00   clock __VIRTUAL_CLK__ (rise edge)
                          0.00   10.00   clock network delay (ideal)
                         -0.25    9.75   clock uncertainty
                          0.00    9.75   clock reconvergence pessimism
                         -2.00    7.75   output external delay
                                  7.75   data required time
-----------------------------------------------------------------------------
                                  7.75   data required time
                                 -3.48   data arrival time
-----------------------------------------------------------------------------
                                  4.27   slack (MET)


Startpoint: in[3] (input port clocked by __VIRTUAL_CLK__)
Endpoint: out[4] (output port clocked by __VIRTUAL_CLK__)
Path Group: __VIRTUAL_CLK__
Path Type: max
Corner: Typical

Fanout     Cap    Slew   Delay    Time   Description
-----------------------------------------------------------------------------
                  0.00    0.00    0.00   clock __VIRTUAL_CLK__ (rise edge)
                          0.00    0.00   clock network delay (ideal)
                          2.00    2.00 v input external delay
     1    0.00    0.01    0.00    2.00 v in[3] (in)
                                         in[3] (net)
                  0.01    0.00    2.00 v input4/A (sky130_fd_sc_hd__clkbuf_1)
     2    0.01    0.05    0.10    2.10 v input4/X (sky130_fd_sc_hd__clkbuf_1)
                                         net4 (net)
                  0.05    0.00    2.10 v _09_/A (sky130_fd_sc_hd__or4_2)
     5    0.02    0.15    0.77    2.87 v _09_/X (sky130_fd_sc_hd__or4_2)
                                         _00_ (net)
                  0.15    0.00    2.87 v _11_/B (sky130_fd_sc_hd__and2_1)
     1    0.00    0.04    0.21    3.08 v _11_/X (sky130_fd_sc_hd__and2_1)
                                         _02_ (net)
                  0.04    0.00    3.08 v _12_/B (sky130_fd_sc_hd__nor2_1)
     1    0.00    0.10    0.11    3.19 ^ _12_/Y (sky130_fd_sc_hd__nor2_1)
                                         net13 (net)
                  0.10    0.00    3.19 ^ output13/A (sky130_fd_sc_hd__buf_2)
     1    0.03    0.17    0.23    3.42 ^ output13/X (sky130_fd_sc_hd__buf_2)
                                         out[4] (net)
                  0.17    0.00    3.42 ^ out[4] (out)
                                  3.42   data arrival time

                  0.00   10.00   10.00   clock __VIRTUAL_CLK__ (rise edge)
                          0.00   10.00   clock network delay (ideal)
                         -0.25    9.75   clock uncertainty
                          0.00    9.75   clock reconvergence pessimism
                         -2.00    7.75   output external delay
                                  7.75   data required time
-----------------------------------------------------------------------------
                                  7.75   data required time
                                 -3.42   data arrival time
-----------------------------------------------------------------------------
                                  4.33   slack (MET)


Startpoint: in[3] (input port clocked by __VIRTUAL_CLK__)
Endpoint: out[3] (output port clocked by __VIRTUAL_CLK__)
Path Group: __VIRTUAL_CLK__
Path Type: max
Corner: Typical

Fanout     Cap    Slew   Delay    Time   Description
-----------------------------------------------------------------------------
                  0.00    0.00    0.00   clock __VIRTUAL_CLK__ (rise edge)
                          0.00    0.00   clock network delay (ideal)
                          2.00    2.00 v input external delay
     1    0.00    0.01    0.00    2.00 v in[3] (in)
                                         in[3] (net)
                  0.01    0.00    2.00 v input4/A (sky130_fd_sc_hd__clkbuf_1)
     2    0.01    0.05    0.10    2.10 v input4/X (sky130_fd_sc_hd__clkbuf_1)
                                         net4 (net)
                  0.05    0.00    2.10 v _09_/A (sky130_fd_sc_hd__or4_2)
     5    0.02    0.15    0.77    2.87 v _09_/X (sky130_fd_sc_hd__or4_2)
                                         _00_ (net)
                  0.15    0.00    2.87 v _24_/B1_N (sky130_fd_sc_hd__a21boi_1)
     1    0.00    0.05    0.18    3.05 v _24_/Y (sky130_fd_sc_hd__a21boi_1)
                                         net12 (net)
                  0.05    0.00    3.05 v output12/A (sky130_fd_sc_hd__buf_2)
     1    0.03    0.09    0.19    3.24 v output12/X (sky130_fd_sc_hd__buf_2)
                                         out[3] (net)
                  0.09    0.00    3.24 v out[3] (out)
                                  3.24   data arrival time

                  0.00   10.00   10.00   clock __VIRTUAL_CLK__ (rise edge)
                          0.00   10.00   clock network delay (ideal)
                         -0.25    9.75   clock uncertainty
                          0.00    9.75   clock reconvergence pessimism
                         -2.00    7.75   output external delay
                                  7.75   data required time
-----------------------------------------------------------------------------
                                  7.75   data required time
                                 -3.24   data arrival time
-----------------------------------------------------------------------------
                                  4.51   slack (MET)


Startpoint: in[0] (input port clocked by __VIRTUAL_CLK__)
Endpoint: out[2] (output port clocked by __VIRTUAL_CLK__)
Path Group: __VIRTUAL_CLK__
Path Type: max
Corner: Typical

Fanout     Cap    Slew   Delay    Time   Description
-----------------------------------------------------------------------------
                  0.00    0.00    0.00   clock __VIRTUAL_CLK__ (rise edge)
                          0.00    0.00   clock network delay (ideal)
                          2.00    2.00 v input external delay
     1    0.00    0.01    0.00    2.00 v in[0] (in)
                                         in[0] (net)
                  0.01    0.00    2.00 v input1/A (sky130_fd_sc_hd__dlymetal6s2s_1)
     5    0.02    0.09    0.18    2.18 v input1/X (sky130_fd_sc_hd__dlymetal6s2s_1)
                                         net1 (net)
                  0.09    0.00    2.18 v _20_/C (sky130_fd_sc_hd__or3_1)
     2    0.01    0.09    0.37    2.55 v _20_/X (sky130_fd_sc_hd__or3_1)
                                         _06_ (net)
                  0.09    0.00    2.55 v _22_/A (sky130_fd_sc_hd__and2_1)
     1    0.01    0.05    0.17    2.73 v _22_/X (sky130_fd_sc_hd__and2_1)
                                         _08_ (net)
                  0.05    0.00    2.73 v _23_/A (sky130_fd_sc_hd__clkbuf_1)
     1    0.00    0.04    0.10    2.83 v _23_/X (sky130_fd_sc_hd__clkbuf_1)
                                         net11 (net)
                  0.04    0.00    2.83 v output11/A (sky130_fd_sc_hd__buf_2)
     1    0.03    0.09    0.19    3.02 v output11/X (sky130_fd_sc_hd__buf_2)
                                         out[2] (net)
                  0.09    0.00    3.02 v out[2] (out)
                                  3.02   data arrival time

                  0.00   10.00   10.00   clock __VIRTUAL_CLK__ (rise edge)
                          0.00   10.00   clock network delay (ideal)
                         -0.25    9.75   clock uncertainty
                          0.00    9.75   clock reconvergence pessimism
                         -2.00    7.75   output external delay
                                  7.75   data required time
-----------------------------------------------------------------------------
                                  7.75   data required time
                                 -3.02   data arrival time
-----------------------------------------------------------------------------
                                  4.73   slack (MET)


Startpoint: in[0] (input port clocked by __VIRTUAL_CLK__)
Endpoint: out[1] (output port clocked by __VIRTUAL_CLK__)
Path Group: __VIRTUAL_CLK__
Path Type: max
Corner: Typical

Fanout     Cap    Slew   Delay    Time   Description
-----------------------------------------------------------------------------
                  0.00    0.00    0.00   clock __VIRTUAL_CLK__ (rise edge)
                          0.00    0.00   clock network delay (ideal)
                          2.00    2.00 ^ input external delay
     1    0.00    0.02    0.01    2.01 ^ in[0] (in)
                                         in[0] (net)
                  0.02    0.00    2.01 ^ input1/A (sky130_fd_sc_hd__dlymetal6s2s_1)
     5    0.02    0.19    0.19    2.20 ^ input1/X (sky130_fd_sc_hd__dlymetal6s2s_1)
                                         net1 (net)
                  0.19    0.00    2.20 ^ _19_/B (sky130_fd_sc_hd__xor2_1)
     1    0.00    0.13    0.18    2.38 ^ _19_/X (sky130_fd_sc_hd__xor2_1)
                                         net10 (net)
                  0.13    0.00    2.38 ^ output10/A (sky130_fd_sc_hd__buf_2)
     1    0.03    0.17    0.24    2.62 ^ output10/X (sky130_fd_sc_hd__buf_2)
                                         out[1] (net)
                  0.17    0.00    2.62 ^ out[1] (out)
                                  2.62   data arrival time

                  0.00   10.00   10.00   clock __VIRTUAL_CLK__ (rise edge)
                          0.00   10.00   clock network delay (ideal)
                         -0.25    9.75   clock uncertainty
                          0.00    9.75   clock reconvergence pessimism
                         -2.00    7.75   output external delay
                                  7.75   data required time
-----------------------------------------------------------------------------
                                  7.75   data required time
                                 -2.62   data arrival time
-----------------------------------------------------------------------------
                                  5.13   slack (MET)


Startpoint: in[0] (input port clocked by __VIRTUAL_CLK__)
Endpoint: out[0] (output port clocked by __VIRTUAL_CLK__)
Path Group: __VIRTUAL_CLK__
Path Type: max
Corner: Typical

Fanout     Cap    Slew   Delay    Time   Description
-----------------------------------------------------------------------------
                  0.00    0.00    0.00   clock __VIRTUAL_CLK__ (rise edge)
                          0.00    0.00   clock network delay (ideal)
                          2.00    2.00 ^ input external delay
     1    0.00    0.02    0.01    2.01 ^ in[0] (in)
                                         in[0] (net)
                  0.02    0.00    2.01 ^ input1/A (sky130_fd_sc_hd__dlymetal6s2s_1)
     5    0.02    0.19    0.19    2.20 ^ input1/X (sky130_fd_sc_hd__dlymetal6s2s_1)
                                         net1 (net)
                  0.19    0.00    2.20 ^ _25_/A (sky130_fd_sc_hd__clkbuf_1)
     1    0.00    0.06    0.13    2.33 ^ _25_/X (sky130_fd_sc_hd__clkbuf_1)
                                         net9 (net)
                  0.06    0.00    2.33 ^ output9/A (sky130_fd_sc_hd__buf_2)
     1    0.03    0.17    0.21    2.54 ^ output9/X (sky130_fd_sc_hd__buf_2)
                                         out[0] (net)
                  0.17    0.00    2.54 ^ out[0] (out)
                                  2.54   data arrival time

                  0.00   10.00   10.00   clock __VIRTUAL_CLK__ (rise edge)
                          0.00   10.00   clock network delay (ideal)
                         -0.25    9.75   clock uncertainty
                          0.00    9.75   clock reconvergence pessimism
                         -2.00    7.75   output external delay
                                  7.75   data required time
-----------------------------------------------------------------------------
                                  7.75   data required time
                                 -2.54   data arrival time
-----------------------------------------------------------------------------
                                  5.21   slack (MET)



worst slack corner Typical: 3.8803
