
 /----------------------------------------------------------------------------\
 |                                                                            |
 |  yosys -- Yosys Open SYnthesis Suite                                       |
 |                                                                            |
 |  Copyright (C) 2012 - 2020  Claire Xenia Wolf <claire@yosyshq.com>         |
 |                                                                            |
 |  Permission to use, copy, modify, and/or distribute this software for any  |
 |  purpose with or without fee is hereby granted, provided that the above    |
 |  copyright notice and this permission notice appear in all copies.         |
 |                                                                            |
 |  THE SOFTWARE IS PROVIDED "AS IS" AND THE AUTHOR DISCLAIMS ALL WARRANTIES  |
 |  WITH REGARD TO THIS SOFTWARE INCLUDING ALL IMPLIED WARRANTIES OF          |
 |  MERCHANTABILITY AND FITNESS. IN NO EVENT SHALL THE AUTHOR BE LIABLE FOR   |
 |  ANY SPECIAL, DIRECT, INDIRECT, OR CONSEQUENTIAL DAMAGES OR ANY DAMAGES    |
 |  WHATSOEVER RESULTING FROM LOSS OF USE, DATA OR PROFITS, WHETHER IN AN     |
 |  ACTION OF CONTRACT, NEGLIGENCE OR OTHER TORTIOUS ACTION, ARISING OUT OF   |
 |  OR IN CONNECTION WITH THE USE OR PERFORMANCE OF THIS SOFTWARE.            |
 |                                                                            |
 \----------------------------------------------------------------------------/

 Yosys 0.38 (git sha1 543faed9c8c, clang++ 17.0.6 -fPIC -Os)

[TCL: yosys -import] Command name collision: found pre-existing command `cd' -> skip.
[TCL: yosys -import] Command name collision: found pre-existing command `eval' -> skip.
[TCL: yosys -import] Command name collision: found pre-existing command `exec' -> skip.
[TCL: yosys -import] Command name collision: found pre-existing command `read' -> skip.
[TCL: yosys -import] Command name collision: found pre-existing command `trace' -> skip.

1. Executing Liberty frontend: /home/berke/.volare/sky130A/libs.ref/sky130_fd_sc_hd/lib/sky130_fd_sc_hd__tt_025C_1v80.lib
Imported 428 cell types from liberty file.

2. Executing Verilog-2005 frontend: /openlane/designs/twos_complement/src/twos_complement_tb.v
Parsing SystemVerilog input from `/openlane/designs/twos_complement/src/twos_complement_tb.v' to AST representation.
Storing AST representation for module `$abstract\twos_complement_tb'.
Successfully finished Verilog frontend.

3. Executing Verilog-2005 frontend: /openlane/designs/twos_complement/src/twos_complement.v
Parsing SystemVerilog input from `/openlane/designs/twos_complement/src/twos_complement.v' to AST representation.
Storing AST representation for module `$abstract\twos_complement'.
Successfully finished Verilog frontend.

4. Executing HIERARCHY pass (managing design hierarchy).

5. Executing AST frontend in derive mode using pre-parsed AST for module `\twos_complement'.
Generating RTLIL representation for module `\twos_complement'.

5.1. Analyzing design hierarchy..
Top module:  \twos_complement

5.2. Analyzing design hierarchy..
Top module:  \twos_complement
Removing unused module `$abstract\twos_complement'.
Removing unused module `$abstract\twos_complement_tb'.
Removed 2 unused modules.

6. Generating Graphviz representation of design.
Writing dot description to `/openlane/designs/twos_complement/runs/RUN_2025.04.26_14.32.35/tmp/synthesis/hierarchy.dot'.
Dumping module twos_complement to page 1.
Renaming module twos_complement to twos_complement.

7. Executing TRIBUF pass.

8. Executing HIERARCHY pass (managing design hierarchy).

8.1. Analyzing design hierarchy..
Top module:  \twos_complement

8.2. Analyzing design hierarchy..
Top module:  \twos_complement
Removed 0 unused modules.

9. Executing PROC_CLEAN pass (remove empty switches from decision trees).
Cleaned up 0 empty switches.

10. Executing PROC_RMDEAD pass (remove dead branches from decision trees).
Removed a total of 0 dead cases.

11. Executing PROC_PRUNE pass (remove redundant assignments in processes).
Removed 0 redundant assignments.
Promoted 0 assignments to connections.

12. Executing PROC_INIT pass (extract init attributes).

13. Executing PROC_ARST pass (detect async resets in processes).

14. Executing PROC_ROM pass (convert switches to ROMs).
Converted 0 switches.

15. Executing PROC_MUX pass (convert decision trees to multiplexers).

16. Executing PROC_DLATCH pass (convert process syncs to latches).

17. Executing PROC_DFF pass (convert process syncs to FFs).

18. Executing PROC_MEMWR pass (convert process memory writes to cells).

19. Executing PROC_CLEAN pass (remove empty switches from decision trees).
Cleaned up 0 empty switches.

20. Executing CHECK pass (checking for obvious problems).
Checking module twos_complement...
Found and reported 0 problems.

21. Executing OPT_EXPR pass (perform const folding).
Optimizing module twos_complement.

22. Executing FLATTEN pass (flatten design).

23. Executing OPT_EXPR pass (perform const folding).
Optimizing module twos_complement.

24. Executing OPT_CLEAN pass (remove unused cells and wires).
Finding unused cells or wires in module \twos_complement..
Removed 0 unused cells and 1 unused wires.
<suppressed ~1 debug messages>

25. Executing OPT pass (performing simple optimizations).

25.1. Executing OPT_EXPR pass (perform const folding).
Optimizing module twos_complement.

25.2. Executing OPT_MERGE pass (detect identical cells).
Finding identical cells in module `\twos_complement'.
Removed a total of 0 cells.

25.3. Executing OPT_MUXTREE pass (detect dead branches in mux trees).
Running muxtree optimizer on module \twos_complement..
  Creating internal representation of mux trees.
  No muxes found in this module.
Removed 0 multiplexer ports.

25.4. Executing OPT_REDUCE pass (consolidate $*mux and $reduce_* inputs).
  Optimizing cells in module \twos_complement.
Performed a total of 0 changes.

25.5. Executing OPT_MERGE pass (detect identical cells).
Finding identical cells in module `\twos_complement'.
Removed a total of 0 cells.

25.6. Executing OPT_DFF pass (perform DFF optimizations).

25.7. Executing OPT_CLEAN pass (remove unused cells and wires).
Finding unused cells or wires in module \twos_complement..

25.8. Executing OPT_EXPR pass (perform const folding).
Optimizing module twos_complement.

25.9. Finished OPT passes. (There is nothing left to do.)

26. Executing FSM pass (extract and optimize FSM).

26.1. Executing FSM_DETECT pass (finding FSMs in design).

26.2. Executing FSM_EXTRACT pass (extracting FSM from design).

26.3. Executing FSM_OPT pass (simple optimizations of FSMs).

26.4. Executing OPT_CLEAN pass (remove unused cells and wires).
Finding unused cells or wires in module \twos_complement..

26.5. Executing FSM_OPT pass (simple optimizations of FSMs).

26.6. Executing FSM_RECODE pass (re-assigning FSM state encoding).

26.7. Executing FSM_INFO pass (dumping all available information on FSM cells).

26.8. Executing FSM_MAP pass (mapping FSMs to basic logic).

27. Executing OPT pass (performing simple optimizations).

27.1. Executing OPT_EXPR pass (perform const folding).
Optimizing module twos_complement.

27.2. Executing OPT_MERGE pass (detect identical cells).
Finding identical cells in module `\twos_complement'.
Removed a total of 0 cells.

27.3. Executing OPT_MUXTREE pass (detect dead branches in mux trees).
Running muxtree optimizer on module \twos_complement..
  Creating internal representation of mux trees.
  No muxes found in this module.
Removed 0 multiplexer ports.

27.4. Executing OPT_REDUCE pass (consolidate $*mux and $reduce_* inputs).
  Optimizing cells in module \twos_complement.
Performed a total of 0 changes.

27.5. Executing OPT_MERGE pass (detect identical cells).
Finding identical cells in module `\twos_complement'.
Removed a total of 0 cells.

27.6. Executing OPT_DFF pass (perform DFF optimizations).

27.7. Executing OPT_CLEAN pass (remove unused cells and wires).
Finding unused cells or wires in module \twos_complement..

27.8. Executing OPT_EXPR pass (perform const folding).
Optimizing module twos_complement.

27.9. Finished OPT passes. (There is nothing left to do.)

28. Executing WREDUCE pass (reducing word size of cells).

29. Executing PEEPOPT pass (run peephole optimizers).

30. Executing OPT_CLEAN pass (remove unused cells and wires).
Finding unused cells or wires in module \twos_complement..

31. Executing ALUMACC pass (create $alu and $macc cells).
Extracting $alu and $macc cells in module twos_complement:
  creating $macc model for $add$/openlane/designs/twos_complement/src/twos_complement.v:7$2 ($add).
  creating $alu model for $macc $add$/openlane/designs/twos_complement/src/twos_complement.v:7$2.
  creating $alu cell for $add$/openlane/designs/twos_complement/src/twos_complement.v:7$2: $auto$alumacc.cc:485:replace_alu$3
  created 1 $alu and 0 $macc cells.

32. Executing SHARE pass (SAT-based resource sharing).

33. Executing OPT pass (performing simple optimizations).

33.1. Executing OPT_EXPR pass (perform const folding).
Optimizing module twos_complement.

33.2. Executing OPT_MERGE pass (detect identical cells).
Finding identical cells in module `\twos_complement'.
Removed a total of 0 cells.

33.3. Executing OPT_MUXTREE pass (detect dead branches in mux trees).
Running muxtree optimizer on module \twos_complement..
  Creating internal representation of mux trees.
  No muxes found in this module.
Removed 0 multiplexer ports.

33.4. Executing OPT_REDUCE pass (consolidate $*mux and $reduce_* inputs).
  Optimizing cells in module \twos_complement.
Performed a total of 0 changes.

33.5. Executing OPT_MERGE pass (detect identical cells).
Finding identical cells in module `\twos_complement'.
Removed a total of 0 cells.

33.6. Executing OPT_DFF pass (perform DFF optimizations).

33.7. Executing OPT_CLEAN pass (remove unused cells and wires).
Finding unused cells or wires in module \twos_complement..

33.8. Executing OPT_EXPR pass (perform const folding).
Optimizing module twos_complement.

33.9. Finished OPT passes. (There is nothing left to do.)

34. Executing MEMORY pass.

34.1. Executing OPT_MEM pass (optimize memories).
Performed a total of 0 transformations.

34.2. Executing OPT_MEM_PRIORITY pass (removing unnecessary memory write priority relations).
Performed a total of 0 transformations.

34.3. Executing OPT_MEM_FEEDBACK pass (finding memory read-to-write feedback paths).

34.4. Executing MEMORY_BMUX2ROM pass (converting muxes to ROMs).

34.5. Executing MEMORY_DFF pass (merging $dff cells to $memrd).

34.6. Executing OPT_CLEAN pass (remove unused cells and wires).
Finding unused cells or wires in module \twos_complement..

34.7. Executing MEMORY_SHARE pass (consolidating $memrd/$memwr cells).

34.8. Executing OPT_MEM_WIDEN pass (optimize memories where all ports are wide).
Performed a total of 0 transformations.

34.9. Executing OPT_CLEAN pass (remove unused cells and wires).
Finding unused cells or wires in module \twos_complement..

34.10. Executing MEMORY_COLLECT pass (generating $mem cells).

35. Executing OPT_CLEAN pass (remove unused cells and wires).
Finding unused cells or wires in module \twos_complement..

36. Executing OPT pass (performing simple optimizations).

36.1. Executing OPT_EXPR pass (perform const folding).
Optimizing module twos_complement.

36.2. Executing OPT_MERGE pass (detect identical cells).
Finding identical cells in module `\twos_complement'.
Removed a total of 0 cells.

36.3. Executing OPT_DFF pass (perform DFF optimizations).

36.4. Executing OPT_CLEAN pass (remove unused cells and wires).
Finding unused cells or wires in module \twos_complement..

36.5. Finished fast OPT passes.

37. Executing MEMORY_MAP pass (converting memories to logic and flip-flops).

38. Executing OPT pass (performing simple optimizations).

38.1. Executing OPT_EXPR pass (perform const folding).
Optimizing module twos_complement.

38.2. Executing OPT_MERGE pass (detect identical cells).
Finding identical cells in module `\twos_complement'.
Removed a total of 0 cells.

38.3. Executing OPT_MUXTREE pass (detect dead branches in mux trees).
Running muxtree optimizer on module \twos_complement..
  Creating internal representation of mux trees.
  No muxes found in this module.
Removed 0 multiplexer ports.

38.4. Executing OPT_REDUCE pass (consolidate $*mux and $reduce_* inputs).
  Optimizing cells in module \twos_complement.
Performed a total of 0 changes.

38.5. Executing OPT_MERGE pass (detect identical cells).
Finding identical cells in module `\twos_complement'.
Removed a total of 0 cells.

38.6. Executing OPT_SHARE pass.

38.7. Executing OPT_DFF pass (perform DFF optimizations).

38.8. Executing OPT_CLEAN pass (remove unused cells and wires).
Finding unused cells or wires in module \twos_complement..

38.9. Executing OPT_EXPR pass (perform const folding).
Optimizing module twos_complement.

38.10. Finished OPT passes. (There is nothing left to do.)

39. Executing TECHMAP pass (map to technology primitives).

39.1. Executing Verilog-2005 frontend: /nix/store/sx2v0i73mn1ih2z1nk61pm9n5gjgpidy-yosys/bin/../share/yosys/techmap.v
Parsing Verilog input from `/nix/store/sx2v0i73mn1ih2z1nk61pm9n5gjgpidy-yosys/bin/../share/yosys/techmap.v' to AST representation.
Generating RTLIL representation for module `\_90_simplemap_bool_ops'.
Generating RTLIL representation for module `\_90_simplemap_reduce_ops'.
Generating RTLIL representation for module `\_90_simplemap_logic_ops'.
Generating RTLIL representation for module `\_90_simplemap_compare_ops'.
Generating RTLIL representation for module `\_90_simplemap_various'.
Generating RTLIL representation for module `\_90_simplemap_registers'.
Generating RTLIL representation for module `\_90_shift_ops_shr_shl_sshl_sshr'.
Generating RTLIL representation for module `\_90_shift_shiftx'.
Generating RTLIL representation for module `\_90_fa'.
Generating RTLIL representation for module `\_90_lcu'.
Generating RTLIL representation for module `\_90_alu'.
Generating RTLIL representation for module `\_90_macc'.
Generating RTLIL representation for module `\_90_alumacc'.
Generating RTLIL representation for module `\$__div_mod_u'.
Generating RTLIL representation for module `\$__div_mod_trunc'.
Generating RTLIL representation for module `\_90_div'.
Generating RTLIL representation for module `\_90_mod'.
Generating RTLIL representation for module `\$__div_mod_floor'.
Generating RTLIL representation for module `\_90_divfloor'.
Generating RTLIL representation for module `\_90_modfloor'.
Generating RTLIL representation for module `\_90_pow'.
Generating RTLIL representation for module `\_90_pmux'.
Generating RTLIL representation for module `\_90_demux'.
Generating RTLIL representation for module `\_90_lut'.
Successfully finished Verilog frontend.

39.2. Continuing TECHMAP pass.
Using extmapper simplemap for cells of type $not.
Using template $paramod$c3cd1564c35d873179656addd6052d7ea8b6d991\_90_alu for cells of type $alu.
Using extmapper simplemap for cells of type $xor.
Using extmapper simplemap for cells of type $and.
Using template $paramod\_90_lcu\WIDTH=32'00000000000000000000000000001000 for cells of type $lcu.
Using extmapper simplemap for cells of type $pos.
Using extmapper simplemap for cells of type $mux.
Using extmapper simplemap for cells of type $or.
No more expansions possible.
<suppressed ~243 debug messages>

40. Executing OPT pass (performing simple optimizations).

40.1. Executing OPT_EXPR pass (perform const folding).
Optimizing module twos_complement.
<suppressed ~52 debug messages>

40.2. Executing OPT_MERGE pass (detect identical cells).
Finding identical cells in module `\twos_complement'.
Removed a total of 0 cells.

40.3. Executing OPT_DFF pass (perform DFF optimizations).

40.4. Executing OPT_CLEAN pass (remove unused cells and wires).
Finding unused cells or wires in module \twos_complement..
Removed 3 unused cells and 45 unused wires.
<suppressed ~4 debug messages>

40.5. Finished fast OPT passes.

41. Executing ABC pass (technology mapping using ABC).

41.1. Extracting gate netlist of module `\twos_complement' to `<abc-temp-dir>/input.blif'..
Extracted 23 gates and 31 wires to a netlist network with 8 inputs and 7 outputs.

41.1.1. Executing ABC.
Running ABC command: "/nix/store/wq2q0njg3sx8wvj2akz7x1qxwyrv9xlr-yosys-abc/bin/abc" -s -f <abc-temp-dir>/abc.script 2>&1
ABC: ABC command line: "source <abc-temp-dir>/abc.script".
ABC: 
ABC: + read_blif <abc-temp-dir>/input.blif 
ABC: + read_library <abc-temp-dir>/stdcells.genlib 
ABC: Entered genlib library with 13 gates from file "<abc-temp-dir>/stdcells.genlib".
ABC: + strash 
ABC: + dretime 
ABC: + map 
ABC: + write_blif <abc-temp-dir>/output.blif 

41.1.2. Re-integrating ABC results.
ABC RESULTS:               NOR cells:        2
ABC RESULTS:              NAND cells:        1
ABC RESULTS:                OR cells:        4
ABC RESULTS:              XNOR cells:        1
ABC RESULTS:             ORNOT cells:        1
ABC RESULTS:               XOR cells:        6
ABC RESULTS:        internal signals:       16
ABC RESULTS:           input signals:        8
ABC RESULTS:          output signals:        7
Removing temp directory.

42. Executing OPT pass (performing simple optimizations).

42.1. Executing OPT_EXPR pass (perform const folding).
Optimizing module twos_complement.

42.2. Executing OPT_MERGE pass (detect identical cells).
Finding identical cells in module `\twos_complement'.
Removed a total of 0 cells.

42.3. Executing OPT_DFF pass (perform DFF optimizations).

42.4. Executing OPT_CLEAN pass (remove unused cells and wires).
Finding unused cells or wires in module \twos_complement..
Removed 0 unused cells and 19 unused wires.
<suppressed ~1 debug messages>

42.5. Finished fast OPT passes.

43. Executing HIERARCHY pass (managing design hierarchy).

43.1. Analyzing design hierarchy..
Top module:  \twos_complement

43.2. Analyzing design hierarchy..
Top module:  \twos_complement
Removed 0 unused modules.

44. Printing statistics.

=== twos_complement ===

   Number of wires:                 10
   Number of wire bits:             24
   Number of public wires:           2
   Number of public wire bits:      16
   Number of memories:               0
   Number of memory bits:            0
   Number of processes:              0
   Number of cells:                 15
     $_NAND_                         1
     $_NOR_                          2
     $_ORNOT_                        1
     $_OR_                           4
     $_XNOR_                         1
     $_XOR_                          6

45. Executing CHECK pass (checking for obvious problems).
Checking module twos_complement...
Found and reported 0 problems.

46. Generating Graphviz representation of design.
Writing dot description to `/openlane/designs/twos_complement/runs/RUN_2025.04.26_14.32.35/tmp/synthesis/post_techmap.dot'.
Dumping module twos_complement to page 1.

47. Executing SHARE pass (SAT-based resource sharing).

48. Executing OPT pass (performing simple optimizations).

48.1. Executing OPT_EXPR pass (perform const folding).
Optimizing module twos_complement.

48.2. Executing OPT_MERGE pass (detect identical cells).
Finding identical cells in module `\twos_complement'.
Removed a total of 0 cells.

48.3. Executing OPT_MUXTREE pass (detect dead branches in mux trees).
Running muxtree optimizer on module \twos_complement..
  Creating internal representation of mux trees.
  No muxes found in this module.
Removed 0 multiplexer ports.

48.4. Executing OPT_REDUCE pass (consolidate $*mux and $reduce_* inputs).
  Optimizing cells in module \twos_complement.
Performed a total of 0 changes.

48.5. Executing OPT_MERGE pass (detect identical cells).
Finding identical cells in module `\twos_complement'.
Removed a total of 0 cells.

48.6. Executing OPT_DFF pass (perform DFF optimizations).

48.7. Executing OPT_CLEAN pass (remove unused cells and wires).
Finding unused cells or wires in module \twos_complement..

48.8. Executing OPT_EXPR pass (perform const folding).
Optimizing module twos_complement.

48.9. Finished OPT passes. (There is nothing left to do.)

49. Executing OPT_CLEAN pass (remove unused cells and wires).
Finding unused cells or wires in module \twos_complement..

50. Printing statistics.

=== twos_complement ===

   Number of wires:                 10
   Number of wire bits:             24
   Number of public wires:           2
   Number of public wire bits:      16
   Number of memories:               0
   Number of memory bits:            0
   Number of processes:              0
   Number of cells:                 15
     $_NAND_                         1
     $_NOR_                          2
     $_ORNOT_                        1
     $_OR_                           4
     $_XNOR_                         1
     $_XOR_                          6

mapping tbuf

51. Executing TECHMAP pass (map to technology primitives).

51.1. Executing Verilog-2005 frontend: /home/berke/.volare/sky130A/libs.tech/openlane/sky130_fd_sc_hd/tribuff_map.v
Parsing Verilog input from `/home/berke/.volare/sky130A/libs.tech/openlane/sky130_fd_sc_hd/tribuff_map.v' to AST representation.
Generating RTLIL representation for module `\$_TBUF_'.
Successfully finished Verilog frontend.

51.2. Continuing TECHMAP pass.
No more expansions possible.
<suppressed ~3 debug messages>

52. Executing SIMPLEMAP pass (map simple cells to gate primitives).

53. Executing TECHMAP pass (map to technology primitives).

53.1. Executing Verilog-2005 frontend: /home/berke/.volare/sky130A/libs.tech/openlane/sky130_fd_sc_hd/latch_map.v
Parsing Verilog input from `/home/berke/.volare/sky130A/libs.tech/openlane/sky130_fd_sc_hd/latch_map.v' to AST representation.
Generating RTLIL representation for module `\$_DLATCH_P_'.
Generating RTLIL representation for module `\$_DLATCH_N_'.
Successfully finished Verilog frontend.

53.2. Continuing TECHMAP pass.
No more expansions possible.
<suppressed ~4 debug messages>

54. Executing SIMPLEMAP pass (map simple cells to gate primitives).

55. Executing DFFLIBMAP pass (mapping DFF cells to sequential cells from liberty file).
  cell sky130_fd_sc_hd__dfxtp_2 (noninv, pins=3, area=21.27) is a direct match for cell type $_DFF_P_.
  cell sky130_fd_sc_hd__dfrtp_2 (noninv, pins=4, area=26.28) is a direct match for cell type $_DFF_PN0_.
  cell sky130_fd_sc_hd__dfstp_2 (noninv, pins=4, area=26.28) is a direct match for cell type $_DFF_PN1_.
  cell sky130_fd_sc_hd__dfbbn_2 (noninv, pins=6, area=35.03) is a direct match for cell type $_DFFSR_NNN_.
  final dff cell mappings:
    unmapped dff cell: $_DFF_N_
    \sky130_fd_sc_hd__dfxtp_2 _DFF_P_ (.CLK( C), .D( D), .Q( Q));
    unmapped dff cell: $_DFF_NN0_
    unmapped dff cell: $_DFF_NN1_
    unmapped dff cell: $_DFF_NP0_
    unmapped dff cell: $_DFF_NP1_
    \sky130_fd_sc_hd__dfrtp_2 _DFF_PN0_ (.CLK( C), .D( D), .Q( Q), .RESET_B( R));
    \sky130_fd_sc_hd__dfstp_2 _DFF_PN1_ (.CLK( C), .D( D), .Q( Q), .SET_B( R));
    unmapped dff cell: $_DFF_PP0_
    unmapped dff cell: $_DFF_PP1_
    \sky130_fd_sc_hd__dfbbn_2 _DFFSR_NNN_ (.CLK_N( C), .D( D), .Q( Q), .Q_N(~Q), .RESET_B( R), .SET_B( S));
    unmapped dff cell: $_DFFSR_NNP_
    unmapped dff cell: $_DFFSR_NPN_
    unmapped dff cell: $_DFFSR_NPP_
    unmapped dff cell: $_DFFSR_PNN_
    unmapped dff cell: $_DFFSR_PNP_
    unmapped dff cell: $_DFFSR_PPN_
    unmapped dff cell: $_DFFSR_PPP_

55.1. Executing DFFLEGALIZE pass (convert FFs to types supported by the target).
Mapping DFF cells in module `\twos_complement':

56. Printing statistics.

=== twos_complement ===

   Number of wires:                 10
   Number of wire bits:             24
   Number of public wires:           2
   Number of public wire bits:      16
   Number of memories:               0
   Number of memory bits:            0
   Number of processes:              0
   Number of cells:                 15
     $_NAND_                         1
     $_NOR_                          2
     $_ORNOT_                        1
     $_OR_                           4
     $_XNOR_                         1
     $_XOR_                          6

[INFO]: USING STRATEGY AREA 0

57. Executing ABC pass (technology mapping using ABC).

57.1. Extracting gate netlist of module `\twos_complement' to `/tmp/yosys-abc-PwOJef/input.blif'..
Extracted 15 gates and 23 wires to a netlist network with 8 inputs and 7 outputs.

57.1.1. Executing ABC.
Running ABC command: "/nix/store/wq2q0njg3sx8wvj2akz7x1qxwyrv9xlr-yosys-abc/bin/abc" -s -f /tmp/yosys-abc-PwOJef/abc.script 2>&1
ABC: ABC command line: "source /tmp/yosys-abc-PwOJef/abc.script".
ABC: 
ABC: + read_blif /tmp/yosys-abc-PwOJef/input.blif 
ABC: + read_lib -w /openlane/designs/twos_complement/runs/RUN_2025.04.26_14.32.35/tmp/synthesis/trimmed.lib 
ABC: Parsing finished successfully.  Parsing time =     0.02 sec
ABC: Scl_LibertyReadGenlib() skipped sequential cell "sky130_fd_sc_hd__dfbbn_2".
ABC: Scl_LibertyReadGenlib() skipped sequential cell "sky130_fd_sc_hd__dfrbp_2".
ABC: Scl_LibertyReadGenlib() skipped sequential cell "sky130_fd_sc_hd__dfrtp_2".
ABC: Scl_LibertyReadGenlib() skipped sequential cell "sky130_fd_sc_hd__dfrtp_4".
ABC: Scl_LibertyReadGenlib() skipped sequential cell "sky130_fd_sc_hd__dfsbp_2".
ABC: Scl_LibertyReadGenlib() skipped sequential cell "sky130_fd_sc_hd__dfstp_2".
ABC: Scl_LibertyReadGenlib() skipped sequential cell "sky130_fd_sc_hd__dfstp_4".
ABC: Scl_LibertyReadGenlib() skipped sequential cell "sky130_fd_sc_hd__dfxbp_2".
ABC: Scl_LibertyReadGenlib() skipped sequential cell "sky130_fd_sc_hd__dfxtp_2".
ABC: Scl_LibertyReadGenlib() skipped sequential cell "sky130_fd_sc_hd__dfxtp_4".
ABC: Scl_LibertyReadGenlib() skipped sequential cell "sky130_fd_sc_hd__dlxtn_1".
ABC: Scl_LibertyReadGenlib() skipped sequential cell "sky130_fd_sc_hd__dlxtn_2".
ABC: Scl_LibertyReadGenlib() skipped sequential cell "sky130_fd_sc_hd__dlxtn_4".
ABC: Scl_LibertyReadGenlib() skipped sequential cell "sky130_fd_sc_hd__dlxtp_1".
ABC: Scl_LibertyReadGenlib() skipped three-state cell "sky130_fd_sc_hd__ebufn_2".
ABC: Scl_LibertyReadGenlib() skipped three-state cell "sky130_fd_sc_hd__ebufn_4".
ABC: Scl_LibertyReadGenlib() skipped three-state cell "sky130_fd_sc_hd__ebufn_8".
ABC: Library "sky130A_merged" from "/openlane/designs/twos_complement/runs/RUN_2025.04.26_14.32.35/tmp/synthesis/trimmed.lib" has 175 cells (17 skipped: 14 seq; 3 tri-state; 0 no func; 0 dont_use).  Time =     0.03 sec
ABC: Memory =    9.54 MB. Time =     0.03 sec
ABC: Warning: Detected 2 multi-output gates (for example, "sky130_fd_sc_hd__fa_1").
ABC: + read_constr -v /openlane/designs/twos_complement/runs/RUN_2025.04.26_14.32.35/tmp/synthesis/synthesis.sdc 
ABC: Setting driving cell to be "sky130_fd_sc_hd__inv_2".
ABC: Setting output load to be 33.442001.
ABC: + read_constr /openlane/designs/twos_complement/runs/RUN_2025.04.26_14.32.35/tmp/synthesis/synthesis.sdc 
ABC: + fx 
ABC: + mfs 
ABC: + strash 
ABC: + drf -l 
ABC: + balance 
ABC: + drw -l 
ABC: + drf -l 
ABC: + balance 
ABC: + drw -l 
ABC: + drw -l -z 
ABC: + balance 
ABC: + drf -l -z 
ABC: + drw -l -z 
ABC: + balance 
ABC: + retime -D -D 10000 -M 5 
ABC: + scleanup 
ABC: Error: The network is combinational.
ABC: + fraig_store 
ABC: + balance 
ABC: + fraig_store 
ABC: + balance 
ABC: + drw -l 
ABC: + drf -l 
ABC: + balance 
ABC: + drw -l 
ABC: + drw -l -z 
ABC: + balance 
ABC: + drf -l -z 
ABC: + drw -l -z 
ABC: + balance 
ABC: + fraig_store 
ABC: + balance 
ABC: + drw -l 
ABC: + drf -l 
ABC: + balance 
ABC: + drw -l 
ABC: + drw -l -z 
ABC: + balance 
ABC: + drf -l -z 
ABC: + drw -l -z 
ABC: + balance 
ABC: + fraig_store 
ABC: + balance 
ABC: + drw -l 
ABC: + drf -l 
ABC: + balance 
ABC: + drw -l 
ABC: + drw -l -z 
ABC: + balance 
ABC: + drf -l -z 
ABC: + drw -l -z 
ABC: + balance 
ABC: + fraig_store 
ABC: + fraig_restore 
ABC: + amap -m -Q 0.1 -F 20 -A 20 -C 5000 
ABC: + retime -D -D 10000 
ABC: + &get -n 
ABC: + &st 
ABC: + &dch 
ABC: + &nf 
ABC: + &put 
ABC: + buffer -N 10 -S 750.0 
ABC: + upsize -D 10000 
ABC: Current delay (1692.42 ps) does not exceed the target delay (10000.00 ps). Upsizing is not performed.
ABC: + dnsize -D 10000 
ABC: + stime -p 
ABC: WireLoad = "none"  Gates =     16 ( 12.5 %)   Cap = 15.3 ff (  3.1 %)   Area =      147.64 ( 87.5 %)   Delay =  1745.53 ps  ( 25.0 %)               
ABC: Path  0 --       1 : 0    2 pi                       A =   0.00  Df =  21.4  -12.3 ps  S =  35.3 ps  Cin =  0.0 ff  Cout =   6.1 ff  Cmax =   0.0 ff  G =    0  
ABC: Path  1 --      16 : 4    5 sky130_fd_sc_hd__or4_2   A =   8.76  Df = 708.9 -499.0 ps  S = 134.1 ps  Cin =  1.5 ff  Cout =  11.8 ff  Cmax = 310.4 ff  G =  742  
ABC: Path  2 --      22 : 4    2 sky130_fd_sc_hd__or4_2   A =   8.76  Df =1312.7 -966.2 ps  S = 129.4 ps  Cin =  1.5 ff  Cout =  10.2 ff  Cmax = 310.4 ff  G =  652  
ABC: Path  3 --      23 : 2    1 sky130_fd_sc_hd__and2b_2 A =   8.76  Df =1531.8 -329.0 ps  S =  33.8 ps  Cin =  1.6 ff  Cout =   2.2 ff  Cmax = 310.4 ff  G =  132  
ABC: Path  4 --      24 : 1    1 sky130_fd_sc_hd__buf_1   A =   3.75  Df =1745.5 -224.2 ps  S = 396.1 ps  Cin =  2.1 ff  Cout =  33.4 ff  Cmax = 130.0 ff  G = 1590  
ABC: Start-point = pi0 (\in [3]).  End-point = po2 (\out [6]).
ABC: + print_stats -m 
ABC: netlist                       : i/o =    8/    7  lat =    0  nd =    16  edge =     39  area =147.67  delay = 4.00  lev = 4
ABC: + write_blif /tmp/yosys-abc-PwOJef/output.blif 

57.1.2. Re-integrating ABC results.
ABC RESULTS:   sky130_fd_sc_hd__nor2_2 cells:        2
ABC RESULTS:   sky130_fd_sc_hd__xnor2_2 cells:        1
ABC RESULTS:   sky130_fd_sc_hd__o31a_2 cells:        1
ABC RESULTS:   sky130_fd_sc_hd__or4_2 cells:        2
ABC RESULTS:   sky130_fd_sc_hd__and2b_2 cells:        1
ABC RESULTS:   sky130_fd_sc_hd__xor2_2 cells:        2
ABC RESULTS:   sky130_fd_sc_hd__or3_2 cells:        1
ABC RESULTS:   sky130_fd_sc_hd__o21ai_2 cells:        1
ABC RESULTS:   sky130_fd_sc_hd__and2_2 cells:        2
ABC RESULTS:   sky130_fd_sc_hd__buf_1 cells:        2
ABC RESULTS:   sky130_fd_sc_hd__a21boi_2 cells:        1
ABC RESULTS:        internal signals:        8
ABC RESULTS:           input signals:        8
ABC RESULTS:          output signals:        7
Removing temp directory.

58. Executing SETUNDEF pass (replace undef values with defined constants).

59. Executing HILOMAP pass (mapping to constant drivers).

60. Executing SPLITNETS pass (splitting up multi-bit signals).

61. Executing OPT_CLEAN pass (remove unused cells and wires).
Finding unused cells or wires in module \twos_complement..
Removed 0 unused cells and 23 unused wires.
<suppressed ~1 debug messages>

62. Executing INSBUF pass (insert buffer cells for connected wires).
Add twos_complement/$auto$insbuf.cc:97:execute$237: \in [0] -> \out [0]

63. Executing CHECK pass (checking for obvious problems).
Checking module twos_complement...
Found and reported 0 problems.

64. Printing statistics.

=== twos_complement ===

   Number of wires:                 11
   Number of wire bits:             25
   Number of public wires:           2
   Number of public wire bits:      16
   Number of memories:               0
   Number of memory bits:            0
   Number of processes:              0
   Number of cells:                 17
     sky130_fd_sc_hd__a21boi_2       1
     sky130_fd_sc_hd__and2_2         2
     sky130_fd_sc_hd__and2b_2        1
     sky130_fd_sc_hd__buf_1          2
     sky130_fd_sc_hd__buf_2          1
     sky130_fd_sc_hd__nor2_2         2
     sky130_fd_sc_hd__o21ai_2        1
     sky130_fd_sc_hd__o31a_2         1
     sky130_fd_sc_hd__or3_2          1
     sky130_fd_sc_hd__or4_2          2
     sky130_fd_sc_hd__xnor2_2        1
     sky130_fd_sc_hd__xor2_2         2

   Chip area for module '\twos_complement': 152.646400

65. Executing Verilog backend.
Dumping module `\twos_complement'.

66. Executing JSON backend.

End of script. Logfile hash: bdfe8e4887, CPU: user 0.22s system 0.02s, MEM: 42.20 MB peak
Yosys 0.38 (git sha1 543faed9c8c, clang++ 17.0.6 -fPIC -Os)
Time spent: 28% 2x read_liberty (0 sec), 25% 2x abc (0 sec), ...
